ARM GAS  C:\Users\jhorel\AppData\Local\Temp\ccE97Uza.s 			page 1


   1              		.cpu cortex-m0
   2              		.fpu softvfp
   3              		.eabi_attribute 20, 1
   4              		.eabi_attribute 21, 1
   5              		.eabi_attribute 23, 3
   6              		.eabi_attribute 24, 1
   7              		.eabi_attribute 25, 1
   8              		.eabi_attribute 26, 1
   9              		.eabi_attribute 30, 1
  10              		.eabi_attribute 34, 0
  11              		.eabi_attribute 18, 4
  12              		.code	16
  13              		.file	"BLE_custom.c"
  14              		.text
  15              	.Ltext0:
  16              		.cfi_sections	.debug_frame
  17              		.section	.text.CyBle_CustomInit,"ax",%progbits
  18              		.align	2
  19              		.global	CyBle_CustomInit
  20              		.code	16
  21              		.thumb_func
  22              		.type	CyBle_CustomInit, %function
  23              	CyBle_CustomInit:
  24              	.LFB2:
  25              		.file 1 ".\\Generated_Source\\PSoC4\\BLE_custom.c"
   1:.\Generated_Source\PSoC4/BLE_custom.c **** /***************************************************************************//**
   2:.\Generated_Source\PSoC4/BLE_custom.c **** * \file CYBLE_custom.c
   3:.\Generated_Source\PSoC4/BLE_custom.c **** * \version 2.30
   4:.\Generated_Source\PSoC4/BLE_custom.c **** * 
   5:.\Generated_Source\PSoC4/BLE_custom.c **** * \brief
   6:.\Generated_Source\PSoC4/BLE_custom.c **** *  Contains the source code for the Custom Service.
   7:.\Generated_Source\PSoC4/BLE_custom.c **** * 
   8:.\Generated_Source\PSoC4/BLE_custom.c **** ********************************************************************************
   9:.\Generated_Source\PSoC4/BLE_custom.c **** * \copyright
  10:.\Generated_Source\PSoC4/BLE_custom.c **** * Copyright 2014-2015, Cypress Semiconductor Corporation.  All rights reserved.
  11:.\Generated_Source\PSoC4/BLE_custom.c **** * You may use this file only in accordance with the license, terms, conditions,
  12:.\Generated_Source\PSoC4/BLE_custom.c **** * disclaimers, and limitations in the end user license agreement accompanying
  13:.\Generated_Source\PSoC4/BLE_custom.c **** * the software package with which this file was provided.
  14:.\Generated_Source\PSoC4/BLE_custom.c **** *******************************************************************************/
  15:.\Generated_Source\PSoC4/BLE_custom.c **** 
  16:.\Generated_Source\PSoC4/BLE_custom.c **** 
  17:.\Generated_Source\PSoC4/BLE_custom.c **** #include "BLE_eventHandler.h"
  18:.\Generated_Source\PSoC4/BLE_custom.c **** 
  19:.\Generated_Source\PSoC4/BLE_custom.c **** #ifdef CYBLE_CUSTOM_SERVER
  20:.\Generated_Source\PSoC4/BLE_custom.c **** 
  21:.\Generated_Source\PSoC4/BLE_custom.c **** /* If any custom service with custom characterisctis is defined in the
  22:.\Generated_Source\PSoC4/BLE_custom.c **** * customizer's GUI their handles will be present in this array.
  23:.\Generated_Source\PSoC4/BLE_custom.c **** */
  24:.\Generated_Source\PSoC4/BLE_custom.c **** /* This array contains attribute handles for the defined Custom Services and their characteristics 
  25:.\Generated_Source\PSoC4/BLE_custom.c ****    The array index definitions are located in the CYBLE_custom.h file. */
  26:.\Generated_Source\PSoC4/BLE_custom.c **** const CYBLE_CUSTOMS_T cyBle_customs[0x01u] = {
  27:.\Generated_Source\PSoC4/BLE_custom.c **** 
  28:.\Generated_Source\PSoC4/BLE_custom.c ****     /* Chargan service */
  29:.\Generated_Source\PSoC4/BLE_custom.c ****     {
  30:.\Generated_Source\PSoC4/BLE_custom.c ****         0x000Cu, /* Handle of the Chargan service */ 
  31:.\Generated_Source\PSoC4/BLE_custom.c ****         {
  32:.\Generated_Source\PSoC4/BLE_custom.c **** 
ARM GAS  C:\Users\jhorel\AppData\Local\Temp\ccE97Uza.s 			page 2


  33:.\Generated_Source\PSoC4/BLE_custom.c ****             /* Command characteristic */
  34:.\Generated_Source\PSoC4/BLE_custom.c ****             {
  35:.\Generated_Source\PSoC4/BLE_custom.c ****                 0x000Eu, /* Handle of the Command characteristic */ 
  36:.\Generated_Source\PSoC4/BLE_custom.c ****                 
  37:.\Generated_Source\PSoC4/BLE_custom.c ****                 /* Array of Descriptors handles */
  38:.\Generated_Source\PSoC4/BLE_custom.c ****                 {
  39:.\Generated_Source\PSoC4/BLE_custom.c ****                     0x000Fu, /* Handle of the Client Characteristic Configuration descriptor */ 
  40:.\Generated_Source\PSoC4/BLE_custom.c ****                 }, 
  41:.\Generated_Source\PSoC4/BLE_custom.c ****             },
  42:.\Generated_Source\PSoC4/BLE_custom.c ****         }, 
  43:.\Generated_Source\PSoC4/BLE_custom.c ****     },
  44:.\Generated_Source\PSoC4/BLE_custom.c **** };
  45:.\Generated_Source\PSoC4/BLE_custom.c **** 
  46:.\Generated_Source\PSoC4/BLE_custom.c **** 
  47:.\Generated_Source\PSoC4/BLE_custom.c **** #endif /* (CYBLE_CUSTOM_SERVER) */
  48:.\Generated_Source\PSoC4/BLE_custom.c **** 
  49:.\Generated_Source\PSoC4/BLE_custom.c **** #ifdef CYBLE_CUSTOM_CLIENT
  50:.\Generated_Source\PSoC4/BLE_custom.c ****     
  51:.\Generated_Source\PSoC4/BLE_custom.c **** 
  52:.\Generated_Source\PSoC4/BLE_custom.c **** static uint16 cyBle_customDisServIndex;
  53:.\Generated_Source\PSoC4/BLE_custom.c **** static uint16 cyBle_customDisCharIndex;
  54:.\Generated_Source\PSoC4/BLE_custom.c **** 
  55:.\Generated_Source\PSoC4/BLE_custom.c **** #endif /* (CYBLE_CUSTOM_CLIENT) */
  56:.\Generated_Source\PSoC4/BLE_custom.c **** 
  57:.\Generated_Source\PSoC4/BLE_custom.c **** 
  58:.\Generated_Source\PSoC4/BLE_custom.c **** /****************************************************************************** 
  59:.\Generated_Source\PSoC4/BLE_custom.c **** * Function Name: CyBle_CustomInit
  60:.\Generated_Source\PSoC4/BLE_custom.c **** ***************************************************************************//**
  61:.\Generated_Source\PSoC4/BLE_custom.c **** * 
  62:.\Generated_Source\PSoC4/BLE_custom.c **** *  This function initializes Custom Service.
  63:.\Generated_Source\PSoC4/BLE_custom.c **** * 
  64:.\Generated_Source\PSoC4/BLE_custom.c **** * \return
  65:.\Generated_Source\PSoC4/BLE_custom.c **** *  None
  66:.\Generated_Source\PSoC4/BLE_custom.c **** * 
  67:.\Generated_Source\PSoC4/BLE_custom.c **** ******************************************************************************/
  68:.\Generated_Source\PSoC4/BLE_custom.c **** void CyBle_CustomInit(void)
  69:.\Generated_Source\PSoC4/BLE_custom.c **** {
  26              		.loc 1 69 0
  27              		.cfi_startproc
  70:.\Generated_Source\PSoC4/BLE_custom.c ****     
  71:.\Generated_Source\PSoC4/BLE_custom.c **** #ifdef CYBLE_CUSTOM_CLIENT
  72:.\Generated_Source\PSoC4/BLE_custom.c **** 
  73:.\Generated_Source\PSoC4/BLE_custom.c ****     uint16 locServIndex;
  74:.\Generated_Source\PSoC4/BLE_custom.c ****     uint16 locCharIndex;
  75:.\Generated_Source\PSoC4/BLE_custom.c ****     uint16 locDescIndex;
  76:.\Generated_Source\PSoC4/BLE_custom.c ****     
  77:.\Generated_Source\PSoC4/BLE_custom.c ****     for(locServIndex = 0u; locServIndex < CYBLE_CUSTOMC_SERVICE_COUNT; locServIndex++)
  78:.\Generated_Source\PSoC4/BLE_custom.c ****     {
  79:.\Generated_Source\PSoC4/BLE_custom.c ****         for(locCharIndex = 0u; locCharIndex < cyBle_customCServ[locServIndex].charCount; locCharInd
  80:.\Generated_Source\PSoC4/BLE_custom.c ****         {
  81:.\Generated_Source\PSoC4/BLE_custom.c ****             cyBle_customCServ[locServIndex].customServChar[locCharIndex].
  82:.\Generated_Source\PSoC4/BLE_custom.c ****                 customServCharHandle = 0u;
  83:.\Generated_Source\PSoC4/BLE_custom.c ****             
  84:.\Generated_Source\PSoC4/BLE_custom.c ****             for(locDescIndex = 0u; locDescIndex < 
  85:.\Generated_Source\PSoC4/BLE_custom.c ****                 cyBle_customCServ[locServIndex].customServChar[locCharIndex].descCount; 
  86:.\Generated_Source\PSoC4/BLE_custom.c ****                     locDescIndex++)
  87:.\Generated_Source\PSoC4/BLE_custom.c ****             {
ARM GAS  C:\Users\jhorel\AppData\Local\Temp\ccE97Uza.s 			page 3


  88:.\Generated_Source\PSoC4/BLE_custom.c ****                 cyBle_customCServ[locServIndex].customServChar[locCharIndex].
  89:.\Generated_Source\PSoC4/BLE_custom.c ****                     customServCharDesc[locDescIndex].descHandle = 0u;
  90:.\Generated_Source\PSoC4/BLE_custom.c ****             }
  91:.\Generated_Source\PSoC4/BLE_custom.c ****         }
  92:.\Generated_Source\PSoC4/BLE_custom.c ****     }
  93:.\Generated_Source\PSoC4/BLE_custom.c **** 
  94:.\Generated_Source\PSoC4/BLE_custom.c **** #endif /* (CYBLE_CUSTOM_CLIENT) */
  95:.\Generated_Source\PSoC4/BLE_custom.c **** }
  28              		.loc 1 95 0
  29              		@ sp needed
  30 0000 7047     		bx	lr
  31              		.cfi_endproc
  32              	.LFE2:
  33              		.size	CyBle_CustomInit, .-CyBle_CustomInit
  34              		.global	cyBle_customs
  35 0002 C046     		.section	.rodata
  36              		.align	2
  37              		.type	cyBle_customs, %object
  38              		.size	cyBle_customs, 6
  39              	cyBle_customs:
  40 0000 0C00     		.short	12
  41 0002 0E00     		.short	14
  42 0004 0F00     		.short	15
  43 0006 0000     		.text
  44              	.Letext0:
  45              		.file 2 ".\\Generated_Source\\PSoC4\\cytypes.h"
  46              		.file 3 ".\\Generated_Source\\PSoC4\\BLE_StackGatt.h"
  47              		.file 4 ".\\Generated_Source\\PSoC4\\BLE_custom.h"
  48              		.file 5 ".\\Generated_Source\\PSoC4\\BLE_Stack.h"
  49              		.section	.debug_info,"",%progbits
  50              	.Ldebug_info0:
  51 0000 CF020000 		.4byte	0x2cf
  52 0004 0400     		.2byte	0x4
  53 0006 00000000 		.4byte	.Ldebug_abbrev0
  54 000a 04       		.byte	0x4
  55 000b 01       		.uleb128 0x1
  56 000c F7070000 		.4byte	.LASF78
  57 0010 01       		.byte	0x1
  58 0011 AF010000 		.4byte	.LASF79
  59 0015 00000000 		.4byte	.LASF80
  60 0019 00000000 		.4byte	.Ldebug_ranges0+0
  61 001d 00000000 		.4byte	0
  62 0021 00000000 		.4byte	.Ldebug_line0
  63 0025 02       		.uleb128 0x2
  64 0026 01       		.byte	0x1
  65 0027 06       		.byte	0x6
  66 0028 F7030000 		.4byte	.LASF0
  67 002c 02       		.uleb128 0x2
  68 002d 01       		.byte	0x1
  69 002e 08       		.byte	0x8
  70 002f 7E030000 		.4byte	.LASF1
  71 0033 02       		.uleb128 0x2
  72 0034 02       		.byte	0x2
  73 0035 05       		.byte	0x5
  74 0036 50000000 		.4byte	.LASF2
  75 003a 02       		.uleb128 0x2
  76 003b 02       		.byte	0x2
ARM GAS  C:\Users\jhorel\AppData\Local\Temp\ccE97Uza.s 			page 4


  77 003c 07       		.byte	0x7
  78 003d 5D050000 		.4byte	.LASF3
  79 0041 02       		.uleb128 0x2
  80 0042 04       		.byte	0x4
  81 0043 05       		.byte	0x5
  82 0044 48020000 		.4byte	.LASF4
  83 0048 02       		.uleb128 0x2
  84 0049 04       		.byte	0x4
  85 004a 07       		.byte	0x7
  86 004b 88040000 		.4byte	.LASF5
  87 004f 02       		.uleb128 0x2
  88 0050 08       		.byte	0x8
  89 0051 05       		.byte	0x5
  90 0052 0E020000 		.4byte	.LASF6
  91 0056 02       		.uleb128 0x2
  92 0057 08       		.byte	0x8
  93 0058 07       		.byte	0x7
  94 0059 1C020000 		.4byte	.LASF7
  95 005d 03       		.uleb128 0x3
  96 005e 04       		.byte	0x4
  97 005f 05       		.byte	0x5
  98 0060 696E7400 		.ascii	"int\000"
  99 0064 02       		.uleb128 0x2
 100 0065 04       		.byte	0x4
 101 0066 07       		.byte	0x7
 102 0067 60040000 		.4byte	.LASF8
 103 006b 04       		.uleb128 0x4
 104 006c FF000000 		.4byte	.LASF70
 105 0070 02       		.byte	0x2
 106 0071 C3       		.byte	0xc3
 107 0072 3A000000 		.4byte	0x3a
 108 0076 02       		.uleb128 0x2
 109 0077 04       		.byte	0x4
 110 0078 04       		.byte	0x4
 111 0079 D5010000 		.4byte	.LASF9
 112 007d 02       		.uleb128 0x2
 113 007e 08       		.byte	0x8
 114 007f 04       		.byte	0x4
 115 0080 0D060000 		.4byte	.LASF10
 116 0084 02       		.uleb128 0x2
 117 0085 01       		.byte	0x1
 118 0086 08       		.byte	0x8
 119 0087 3C050000 		.4byte	.LASF11
 120 008b 02       		.uleb128 0x2
 121 008c 04       		.byte	0x4
 122 008d 07       		.byte	0x7
 123 008e 74000000 		.4byte	.LASF12
 124 0092 05       		.uleb128 0x5
 125 0093 01       		.byte	0x1
 126 0094 05       		.byte	0x5
 127 0095 A4       		.byte	0xa4
 128 0096 17020000 		.4byte	0x217
 129 009a 06       		.uleb128 0x6
 130 009b 59010000 		.4byte	.LASF13
 131 009f 00       		.sleb128 0
 132 00a0 06       		.uleb128 0x6
 133 00a1 CE000000 		.4byte	.LASF14
ARM GAS  C:\Users\jhorel\AppData\Local\Temp\ccE97Uza.s 			page 5


 134 00a5 01       		.sleb128 1
 135 00a6 06       		.uleb128 0x6
 136 00a7 9A070000 		.4byte	.LASF15
 137 00ab 02       		.sleb128 2
 138 00ac 06       		.uleb128 0x6
 139 00ad 70060000 		.4byte	.LASF16
 140 00b1 03       		.sleb128 3
 141 00b2 06       		.uleb128 0x6
 142 00b3 A8000000 		.4byte	.LASF17
 143 00b7 04       		.sleb128 4
 144 00b8 06       		.uleb128 0x6
 145 00b9 DA020000 		.4byte	.LASF18
 146 00bd 05       		.sleb128 5
 147 00be 06       		.uleb128 0x6
 148 00bf CE060000 		.4byte	.LASF19
 149 00c3 20       		.sleb128 32
 150 00c4 06       		.uleb128 0x6
 151 00c5 9A040000 		.4byte	.LASF20
 152 00c9 21       		.sleb128 33
 153 00ca 06       		.uleb128 0x6
 154 00cb 4C060000 		.4byte	.LASF21
 155 00cf 22       		.sleb128 34
 156 00d0 06       		.uleb128 0x6
 157 00d1 F6020000 		.4byte	.LASF22
 158 00d5 23       		.sleb128 35
 159 00d6 06       		.uleb128 0x6
 160 00d7 44040000 		.4byte	.LASF23
 161 00db 24       		.sleb128 36
 162 00dc 06       		.uleb128 0x6
 163 00dd 5A000000 		.4byte	.LASF24
 164 00e1 25       		.sleb128 37
 165 00e2 06       		.uleb128 0x6
 166 00e3 91020000 		.4byte	.LASF25
 167 00e7 26       		.sleb128 38
 168 00e8 06       		.uleb128 0x6
 169 00e9 72020000 		.4byte	.LASF26
 170 00ed 27       		.sleb128 39
 171 00ee 06       		.uleb128 0x6
 172 00ef 2E000000 		.4byte	.LASF27
 173 00f3 28       		.sleb128 40
 174 00f4 06       		.uleb128 0x6
 175 00f5 D2040000 		.4byte	.LASF28
 176 00f9 29       		.sleb128 41
 177 00fa 06       		.uleb128 0x6
 178 00fb 13050000 		.4byte	.LASF29
 179 00ff 2A       		.sleb128 42
 180 0100 06       		.uleb128 0x6
 181 0101 AD050000 		.4byte	.LASF30
 182 0105 2B       		.sleb128 43
 183 0106 06       		.uleb128 0x6
 184 0107 EF040000 		.4byte	.LASF31
 185 010b 2C       		.sleb128 44
 186 010c 06       		.uleb128 0x6
 187 010d 7D000000 		.4byte	.LASF32
 188 0111 C000     		.sleb128 64
 189 0113 06       		.uleb128 0x6
 190 0114 6D040000 		.4byte	.LASF33
ARM GAS  C:\Users\jhorel\AppData\Local\Temp\ccE97Uza.s 			page 6


 191 0118 C100     		.sleb128 65
 192 011a 06       		.uleb128 0x6
 193 011b F2080000 		.4byte	.LASF34
 194 011f C200     		.sleb128 66
 195 0121 06       		.uleb128 0x6
 196 0122 E1000000 		.4byte	.LASF35
 197 0126 C300     		.sleb128 67
 198 0128 06       		.uleb128 0x6
 199 0129 58070000 		.4byte	.LASF36
 200 012d C400     		.sleb128 68
 201 012f 06       		.uleb128 0x6
 202 0130 F2060000 		.4byte	.LASF37
 203 0134 C500     		.sleb128 69
 204 0136 06       		.uleb128 0x6
 205 0137 37070000 		.4byte	.LASF38
 206 013b C600     		.sleb128 70
 207 013d 06       		.uleb128 0x6
 208 013e D9030000 		.4byte	.LASF39
 209 0142 C700     		.sleb128 71
 210 0144 06       		.uleb128 0x6
 211 0145 1D040000 		.4byte	.LASF40
 212 0149 C800     		.sleb128 72
 213 014b 06       		.uleb128 0x6
 214 014c DB010000 		.4byte	.LASF41
 215 0150 C900     		.sleb128 73
 216 0152 06       		.uleb128 0x6
 217 0153 70050000 		.4byte	.LASF42
 218 0157 CA00     		.sleb128 74
 219 0159 06       		.uleb128 0x6
 220 015a 19010000 		.4byte	.LASF43
 221 015e CB00     		.sleb128 75
 222 0160 06       		.uleb128 0x6
 223 0161 03040000 		.4byte	.LASF44
 224 0165 CC00     		.sleb128 76
 225 0167 06       		.uleb128 0x6
 226 0168 F4010000 		.4byte	.LASF45
 227 016c CD00     		.sleb128 77
 228 016e 06       		.uleb128 0x6
 229 016f 19070000 		.4byte	.LASF46
 230 0173 CE00     		.sleb128 78
 231 0175 06       		.uleb128 0x6
 232 0176 9B030000 		.4byte	.LASF47
 233 017a CF00     		.sleb128 79
 234 017c 06       		.uleb128 0x6
 235 017d 85080000 		.4byte	.LASF48
 236 0181 D000     		.sleb128 80
 237 0183 06       		.uleb128 0x6
 238 0184 8E050000 		.4byte	.LASF49
 239 0188 D100     		.sleb128 81
 240 018a 06       		.uleb128 0x6
 241 018b B9020000 		.4byte	.LASF50
 242 018f D200     		.sleb128 82
 243 0191 06       		.uleb128 0x6
 244 0192 51020000 		.4byte	.LASF51
 245 0196 D300     		.sleb128 83
 246 0198 06       		.uleb128 0x6
 247 0199 38010000 		.4byte	.LASF52
ARM GAS  C:\Users\jhorel\AppData\Local\Temp\ccE97Uza.s 			page 7


 248 019d D400     		.sleb128 84
 249 019f 06       		.uleb128 0x6
 250 01a0 CE080000 		.4byte	.LASF53
 251 01a4 D500     		.sleb128 85
 252 01a6 06       		.uleb128 0x6
 253 01a7 D5070000 		.4byte	.LASF54
 254 01ab D600     		.sleb128 86
 255 01ad 06       		.uleb128 0x6
 256 01ae AC070000 		.4byte	.LASF55
 257 01b2 D700     		.sleb128 87
 258 01b4 06       		.uleb128 0x6
 259 01b5 58030000 		.4byte	.LASF56
 260 01b9 F000     		.sleb128 112
 261 01bb 06       		.uleb128 0x6
 262 01bc A8060000 		.4byte	.LASF57
 263 01c0 F100     		.sleb128 113
 264 01c2 06       		.uleb128 0x6
 265 01c3 41050000 		.4byte	.LASF58
 266 01c7 F200     		.sleb128 114
 267 01c9 06       		.uleb128 0x6
 268 01ca 70010000 		.4byte	.LASF59
 269 01ce F300     		.sleb128 115
 270 01d0 06       		.uleb128 0x6
 271 01d1 2C030000 		.4byte	.LASF60
 272 01d5 F400     		.sleb128 116
 273 01d7 06       		.uleb128 0x6
 274 01d8 B1040000 		.4byte	.LASF61
 275 01dc F500     		.sleb128 117
 276 01de 06       		.uleb128 0x6
 277 01df 8E010000 		.4byte	.LASF62
 278 01e3 F600     		.sleb128 118
 279 01e5 06       		.uleb128 0x6
 280 01e6 89060000 		.4byte	.LASF63
 281 01ea F700     		.sleb128 119
 282 01ec 06       		.uleb128 0x6
 283 01ed EA050000 		.4byte	.LASF64
 284 01f1 F800     		.sleb128 120
 285 01f3 06       		.uleb128 0x6
 286 01f4 14060000 		.4byte	.LASF65
 287 01f8 F900     		.sleb128 121
 288 01fa 06       		.uleb128 0x6
 289 01fb 76070000 		.4byte	.LASF66
 290 01ff FA00     		.sleb128 122
 291 0201 06       		.uleb128 0x6
 292 0202 CC050000 		.4byte	.LASF67
 293 0206 FA01     		.sleb128 250
 294 0208 06       		.uleb128 0x6
 295 0209 BA030000 		.4byte	.LASF68
 296 020d FB01     		.sleb128 251
 297 020f 06       		.uleb128 0x6
 298 0210 4A030000 		.4byte	.LASF69
 299 0214 FF01     		.sleb128 255
 300 0216 00       		.byte	0
 301 0217 07       		.uleb128 0x7
 302 0218 A4080000 		.4byte	.LASF71
 303 021c 03       		.byte	0x3
 304 021d 8801     		.2byte	0x188
ARM GAS  C:\Users\jhorel\AppData\Local\Temp\ccE97Uza.s 			page 8


 305 021f 6B000000 		.4byte	0x6b
 306 0223 08       		.uleb128 0x8
 307 0224 04       		.byte	0x4
 308 0225 04       		.byte	0x4
 309 0226 40       		.byte	0x40
 310 0227 44020000 		.4byte	0x244
 311 022b 09       		.uleb128 0x9
 312 022c 37060000 		.4byte	.LASF72
 313 0230 04       		.byte	0x4
 314 0231 43       		.byte	0x43
 315 0232 17020000 		.4byte	0x217
 316 0236 00       		.byte	0
 317 0237 09       		.uleb128 0x9
 318 0238 06010000 		.4byte	.LASF73
 319 023c 04       		.byte	0x4
 320 023d 45       		.byte	0x45
 321 023e 44020000 		.4byte	0x244
 322 0242 02       		.byte	0x2
 323 0243 00       		.byte	0
 324 0244 0A       		.uleb128 0xa
 325 0245 17020000 		.4byte	0x217
 326 0249 54020000 		.4byte	0x254
 327 024d 0B       		.uleb128 0xb
 328 024e 8B000000 		.4byte	0x8b
 329 0252 00       		.byte	0
 330 0253 00       		.byte	0
 331 0254 04       		.uleb128 0x4
 332 0255 33020000 		.4byte	.LASF74
 333 0259 04       		.byte	0x4
 334 025a 47       		.byte	0x47
 335 025b 23020000 		.4byte	0x223
 336 025f 08       		.uleb128 0x8
 337 0260 06       		.byte	0x6
 338 0261 04       		.byte	0x4
 339 0262 4A       		.byte	0x4a
 340 0263 80020000 		.4byte	0x280
 341 0267 09       		.uleb128 0x9
 342 0268 97000000 		.4byte	.LASF75
 343 026c 04       		.byte	0x4
 344 026d 4D       		.byte	0x4d
 345 026e 17020000 		.4byte	0x217
 346 0272 00       		.byte	0
 347 0273 09       		.uleb128 0x9
 348 0274 8C030000 		.4byte	.LASF76
 349 0278 04       		.byte	0x4
 350 0279 50       		.byte	0x50
 351 027a 80020000 		.4byte	0x280
 352 027e 02       		.byte	0x2
 353 027f 00       		.byte	0
 354 0280 0A       		.uleb128 0xa
 355 0281 54020000 		.4byte	0x254
 356 0285 90020000 		.4byte	0x290
 357 0289 0B       		.uleb128 0xb
 358 028a 8B000000 		.4byte	0x8b
 359 028e 00       		.byte	0
 360 028f 00       		.byte	0
 361 0290 04       		.uleb128 0x4
ARM GAS  C:\Users\jhorel\AppData\Local\Temp\ccE97Uza.s 			page 9


 362 0291 1C030000 		.4byte	.LASF77
 363 0295 04       		.byte	0x4
 364 0296 52       		.byte	0x52
 365 0297 5F020000 		.4byte	0x25f
 366 029b 0C       		.uleb128 0xc
 367 029c BD000000 		.4byte	.LASF81
 368 02a0 01       		.byte	0x1
 369 02a1 44       		.byte	0x44
 370 02a2 00000000 		.4byte	.LFB2
 371 02a6 02000000 		.4byte	.LFE2-.LFB2
 372 02aa 01       		.uleb128 0x1
 373 02ab 9C       		.byte	0x9c
 374 02ac 0A       		.uleb128 0xa
 375 02ad 90020000 		.4byte	0x290
 376 02b1 BC020000 		.4byte	0x2bc
 377 02b5 0B       		.uleb128 0xb
 378 02b6 8B000000 		.4byte	0x8b
 379 02ba 00       		.byte	0
 380 02bb 00       		.byte	0
 381 02bc 0D       		.uleb128 0xd
 382 02bd C0080000 		.4byte	.LASF82
 383 02c1 01       		.byte	0x1
 384 02c2 1A       		.byte	0x1a
 385 02c3 CD020000 		.4byte	0x2cd
 386 02c7 05       		.uleb128 0x5
 387 02c8 03       		.byte	0x3
 388 02c9 00000000 		.4byte	cyBle_customs
 389 02cd 0E       		.uleb128 0xe
 390 02ce AC020000 		.4byte	0x2ac
 391 02d2 00       		.byte	0
 392              		.section	.debug_abbrev,"",%progbits
 393              	.Ldebug_abbrev0:
 394 0000 01       		.uleb128 0x1
 395 0001 11       		.uleb128 0x11
 396 0002 01       		.byte	0x1
 397 0003 25       		.uleb128 0x25
 398 0004 0E       		.uleb128 0xe
 399 0005 13       		.uleb128 0x13
 400 0006 0B       		.uleb128 0xb
 401 0007 03       		.uleb128 0x3
 402 0008 0E       		.uleb128 0xe
 403 0009 1B       		.uleb128 0x1b
 404 000a 0E       		.uleb128 0xe
 405 000b 55       		.uleb128 0x55
 406 000c 17       		.uleb128 0x17
 407 000d 11       		.uleb128 0x11
 408 000e 01       		.uleb128 0x1
 409 000f 10       		.uleb128 0x10
 410 0010 17       		.uleb128 0x17
 411 0011 00       		.byte	0
 412 0012 00       		.byte	0
 413 0013 02       		.uleb128 0x2
 414 0014 24       		.uleb128 0x24
 415 0015 00       		.byte	0
 416 0016 0B       		.uleb128 0xb
 417 0017 0B       		.uleb128 0xb
 418 0018 3E       		.uleb128 0x3e
ARM GAS  C:\Users\jhorel\AppData\Local\Temp\ccE97Uza.s 			page 10


 419 0019 0B       		.uleb128 0xb
 420 001a 03       		.uleb128 0x3
 421 001b 0E       		.uleb128 0xe
 422 001c 00       		.byte	0
 423 001d 00       		.byte	0
 424 001e 03       		.uleb128 0x3
 425 001f 24       		.uleb128 0x24
 426 0020 00       		.byte	0
 427 0021 0B       		.uleb128 0xb
 428 0022 0B       		.uleb128 0xb
 429 0023 3E       		.uleb128 0x3e
 430 0024 0B       		.uleb128 0xb
 431 0025 03       		.uleb128 0x3
 432 0026 08       		.uleb128 0x8
 433 0027 00       		.byte	0
 434 0028 00       		.byte	0
 435 0029 04       		.uleb128 0x4
 436 002a 16       		.uleb128 0x16
 437 002b 00       		.byte	0
 438 002c 03       		.uleb128 0x3
 439 002d 0E       		.uleb128 0xe
 440 002e 3A       		.uleb128 0x3a
 441 002f 0B       		.uleb128 0xb
 442 0030 3B       		.uleb128 0x3b
 443 0031 0B       		.uleb128 0xb
 444 0032 49       		.uleb128 0x49
 445 0033 13       		.uleb128 0x13
 446 0034 00       		.byte	0
 447 0035 00       		.byte	0
 448 0036 05       		.uleb128 0x5
 449 0037 04       		.uleb128 0x4
 450 0038 01       		.byte	0x1
 451 0039 0B       		.uleb128 0xb
 452 003a 0B       		.uleb128 0xb
 453 003b 3A       		.uleb128 0x3a
 454 003c 0B       		.uleb128 0xb
 455 003d 3B       		.uleb128 0x3b
 456 003e 0B       		.uleb128 0xb
 457 003f 01       		.uleb128 0x1
 458 0040 13       		.uleb128 0x13
 459 0041 00       		.byte	0
 460 0042 00       		.byte	0
 461 0043 06       		.uleb128 0x6
 462 0044 28       		.uleb128 0x28
 463 0045 00       		.byte	0
 464 0046 03       		.uleb128 0x3
 465 0047 0E       		.uleb128 0xe
 466 0048 1C       		.uleb128 0x1c
 467 0049 0D       		.uleb128 0xd
 468 004a 00       		.byte	0
 469 004b 00       		.byte	0
 470 004c 07       		.uleb128 0x7
 471 004d 16       		.uleb128 0x16
 472 004e 00       		.byte	0
 473 004f 03       		.uleb128 0x3
 474 0050 0E       		.uleb128 0xe
 475 0051 3A       		.uleb128 0x3a
ARM GAS  C:\Users\jhorel\AppData\Local\Temp\ccE97Uza.s 			page 11


 476 0052 0B       		.uleb128 0xb
 477 0053 3B       		.uleb128 0x3b
 478 0054 05       		.uleb128 0x5
 479 0055 49       		.uleb128 0x49
 480 0056 13       		.uleb128 0x13
 481 0057 00       		.byte	0
 482 0058 00       		.byte	0
 483 0059 08       		.uleb128 0x8
 484 005a 13       		.uleb128 0x13
 485 005b 01       		.byte	0x1
 486 005c 0B       		.uleb128 0xb
 487 005d 0B       		.uleb128 0xb
 488 005e 3A       		.uleb128 0x3a
 489 005f 0B       		.uleb128 0xb
 490 0060 3B       		.uleb128 0x3b
 491 0061 0B       		.uleb128 0xb
 492 0062 01       		.uleb128 0x1
 493 0063 13       		.uleb128 0x13
 494 0064 00       		.byte	0
 495 0065 00       		.byte	0
 496 0066 09       		.uleb128 0x9
 497 0067 0D       		.uleb128 0xd
 498 0068 00       		.byte	0
 499 0069 03       		.uleb128 0x3
 500 006a 0E       		.uleb128 0xe
 501 006b 3A       		.uleb128 0x3a
 502 006c 0B       		.uleb128 0xb
 503 006d 3B       		.uleb128 0x3b
 504 006e 0B       		.uleb128 0xb
 505 006f 49       		.uleb128 0x49
 506 0070 13       		.uleb128 0x13
 507 0071 38       		.uleb128 0x38
 508 0072 0B       		.uleb128 0xb
 509 0073 00       		.byte	0
 510 0074 00       		.byte	0
 511 0075 0A       		.uleb128 0xa
 512 0076 01       		.uleb128 0x1
 513 0077 01       		.byte	0x1
 514 0078 49       		.uleb128 0x49
 515 0079 13       		.uleb128 0x13
 516 007a 01       		.uleb128 0x1
 517 007b 13       		.uleb128 0x13
 518 007c 00       		.byte	0
 519 007d 00       		.byte	0
 520 007e 0B       		.uleb128 0xb
 521 007f 21       		.uleb128 0x21
 522 0080 00       		.byte	0
 523 0081 49       		.uleb128 0x49
 524 0082 13       		.uleb128 0x13
 525 0083 2F       		.uleb128 0x2f
 526 0084 0B       		.uleb128 0xb
 527 0085 00       		.byte	0
 528 0086 00       		.byte	0
 529 0087 0C       		.uleb128 0xc
 530 0088 2E       		.uleb128 0x2e
 531 0089 00       		.byte	0
 532 008a 3F       		.uleb128 0x3f
ARM GAS  C:\Users\jhorel\AppData\Local\Temp\ccE97Uza.s 			page 12


 533 008b 19       		.uleb128 0x19
 534 008c 03       		.uleb128 0x3
 535 008d 0E       		.uleb128 0xe
 536 008e 3A       		.uleb128 0x3a
 537 008f 0B       		.uleb128 0xb
 538 0090 3B       		.uleb128 0x3b
 539 0091 0B       		.uleb128 0xb
 540 0092 27       		.uleb128 0x27
 541 0093 19       		.uleb128 0x19
 542 0094 11       		.uleb128 0x11
 543 0095 01       		.uleb128 0x1
 544 0096 12       		.uleb128 0x12
 545 0097 06       		.uleb128 0x6
 546 0098 40       		.uleb128 0x40
 547 0099 18       		.uleb128 0x18
 548 009a 9742     		.uleb128 0x2117
 549 009c 19       		.uleb128 0x19
 550 009d 00       		.byte	0
 551 009e 00       		.byte	0
 552 009f 0D       		.uleb128 0xd
 553 00a0 34       		.uleb128 0x34
 554 00a1 00       		.byte	0
 555 00a2 03       		.uleb128 0x3
 556 00a3 0E       		.uleb128 0xe
 557 00a4 3A       		.uleb128 0x3a
 558 00a5 0B       		.uleb128 0xb
 559 00a6 3B       		.uleb128 0x3b
 560 00a7 0B       		.uleb128 0xb
 561 00a8 49       		.uleb128 0x49
 562 00a9 13       		.uleb128 0x13
 563 00aa 3F       		.uleb128 0x3f
 564 00ab 19       		.uleb128 0x19
 565 00ac 02       		.uleb128 0x2
 566 00ad 18       		.uleb128 0x18
 567 00ae 00       		.byte	0
 568 00af 00       		.byte	0
 569 00b0 0E       		.uleb128 0xe
 570 00b1 26       		.uleb128 0x26
 571 00b2 00       		.byte	0
 572 00b3 49       		.uleb128 0x49
 573 00b4 13       		.uleb128 0x13
 574 00b5 00       		.byte	0
 575 00b6 00       		.byte	0
 576 00b7 00       		.byte	0
 577              		.section	.debug_aranges,"",%progbits
 578 0000 1C000000 		.4byte	0x1c
 579 0004 0200     		.2byte	0x2
 580 0006 00000000 		.4byte	.Ldebug_info0
 581 000a 04       		.byte	0x4
 582 000b 00       		.byte	0
 583 000c 0000     		.2byte	0
 584 000e 0000     		.2byte	0
 585 0010 00000000 		.4byte	.LFB2
 586 0014 02000000 		.4byte	.LFE2-.LFB2
 587 0018 00000000 		.4byte	0
 588 001c 00000000 		.4byte	0
 589              		.section	.debug_ranges,"",%progbits
ARM GAS  C:\Users\jhorel\AppData\Local\Temp\ccE97Uza.s 			page 13


 590              	.Ldebug_ranges0:
 591 0000 00000000 		.4byte	.LFB2
 592 0004 02000000 		.4byte	.LFE2
 593 0008 00000000 		.4byte	0
 594 000c 00000000 		.4byte	0
 595              		.section	.debug_line,"",%progbits
 596              	.Ldebug_line0:
 597 0000 94000000 		.section	.debug_str,"MS",%progbits,1
 597      02007B00 
 597      00000201 
 597      FB0E0D00 
 597      01010101 
 598              	.LASF80:
 599 0000 433A5C55 		.ascii	"C:\\Users\\jhorel\\Desktop\\chargan\\chargan.cydsn\000"
 599      73657273 
 599      5C6A686F 
 599      72656C5C 
 599      4465736B 
 600              	.LASF27:
 601 002e 4359424C 		.ascii	"CYBLE_EVT_GAP_DEVICE_DISCONNECTED\000"
 601      455F4556 
 601      545F4741 
 601      505F4445 
 601      56494345 
 602              	.LASF2:
 603 0050 73686F72 		.ascii	"short int\000"
 603      7420696E 
 603      7400
 604              	.LASF24:
 605 005a 4359424C 		.ascii	"CYBLE_EVT_GAP_AUTH_FAILED\000"
 605      455F4556 
 605      545F4741 
 605      505F4155 
 605      54485F46 
 606              	.LASF12:
 607 0074 73697A65 		.ascii	"sizetype\000"
 607      74797065 
 607      00
 608              	.LASF32:
 609 007d 4359424C 		.ascii	"CYBLE_EVT_GATTC_ERROR_RSP\000"
 609      455F4556 
 609      545F4741 
 609      5454435F 
 609      4552524F 
 610              	.LASF75:
 611 0097 63757374 		.ascii	"customServHandle\000"
 611      6F6D5365 
 611      72764861 
 611      6E646C65 
 611      00
 612              	.LASF17:
 613 00a8 4359424C 		.ascii	"CYBLE_EVT_HCI_STATUS\000"
 613      455F4556 
 613      545F4843 
 613      495F5354 
 613      41545553 
 614              	.LASF81:
ARM GAS  C:\Users\jhorel\AppData\Local\Temp\ccE97Uza.s 			page 14


 615 00bd 4379426C 		.ascii	"CyBle_CustomInit\000"
 615      655F4375 
 615      73746F6D 
 615      496E6974 
 615      00
 616              	.LASF14:
 617 00ce 4359424C 		.ascii	"CYBLE_EVT_STACK_ON\000"
 617      455F4556 
 617      545F5354 
 617      41434B5F 
 617      4F4E00
 618              	.LASF35:
 619 00e1 4359424C 		.ascii	"CYBLE_EVT_GATTS_XCNHG_MTU_REQ\000"
 619      455F4556 
 619      545F4741 
 619      5454535F 
 619      58434E48 
 620              	.LASF70:
 621 00ff 75696E74 		.ascii	"uint16\000"
 621      313600
 622              	.LASF73:
 623 0106 63757374 		.ascii	"customServCharDesc\000"
 623      6F6D5365 
 623      72764368 
 623      61724465 
 623      736300
 624              	.LASF43:
 625 0119 4359424C 		.ascii	"CYBLE_EVT_GATTC_READ_MULTI_RSP\000"
 625      455F4556 
 625      545F4741 
 625      5454435F 
 625      52454144 
 626              	.LASF52:
 627 0138 4359424C 		.ascii	"CYBLE_EVT_GATTS_HANDLE_VALUE_CNF\000"
 627      455F4556 
 627      545F4741 
 627      5454535F 
 627      48414E44 
 628              	.LASF13:
 629 0159 4359424C 		.ascii	"CYBLE_EVT_HOST_INVALID\000"
 629      455F4556 
 629      545F484F 
 629      53545F49 
 629      4E56414C 
 630              	.LASF59:
 631 0170 4359424C 		.ascii	"CYBLE_EVT_L2CAP_CBFC_CONN_IND\000"
 631      455F4556 
 631      545F4C32 
 631      4341505F 
 631      43424643 
 632              	.LASF62:
 633 018e 4359424C 		.ascii	"CYBLE_EVT_L2CAP_CBFC_DISCONN_CNF\000"
 633      455F4556 
 633      545F4C32 
 633      4341505F 
 633      43424643 
 634              	.LASF79:
ARM GAS  C:\Users\jhorel\AppData\Local\Temp\ccE97Uza.s 			page 15


 635 01af 2E5C4765 		.ascii	".\\Generated_Source\\PSoC4\\BLE_custom.c\000"
 635      6E657261 
 635      7465645F 
 635      536F7572 
 635      63655C50 
 636              	.LASF9:
 637 01d5 666C6F61 		.ascii	"float\000"
 637      7400
 638              	.LASF41:
 639 01db 4359424C 		.ascii	"CYBLE_EVT_GATTC_READ_RSP\000"
 639      455F4556 
 639      545F4741 
 639      5454435F 
 639      52454144 
 640              	.LASF45:
 641 01f4 4359424C 		.ascii	"CYBLE_EVT_GATTC_WRITE_RSP\000"
 641      455F4556 
 641      545F4741 
 641      5454435F 
 641      57524954 
 642              	.LASF6:
 643 020e 6C6F6E67 		.ascii	"long long int\000"
 643      206C6F6E 
 643      6720696E 
 643      7400
 644              	.LASF7:
 645 021c 6C6F6E67 		.ascii	"long long unsigned int\000"
 645      206C6F6E 
 645      6720756E 
 645      7369676E 
 645      65642069 
 646              	.LASF74:
 647 0233 4359424C 		.ascii	"CYBLE_CUSTOMS_INFO_T\000"
 647      455F4355 
 647      53544F4D 
 647      535F494E 
 647      464F5F54 
 648              	.LASF4:
 649 0248 6C6F6E67 		.ascii	"long int\000"
 649      20696E74 
 649      00
 650              	.LASF51:
 651 0251 4359424C 		.ascii	"CYBLE_EVT_GATTC_HANDLE_VALUE_IND\000"
 651      455F4556 
 651      545F4741 
 651      5454435F 
 651      48414E44 
 652              	.LASF26:
 653 0272 4359424C 		.ascii	"CYBLE_EVT_GAP_DEVICE_CONNECTED\000"
 653      455F4556 
 653      545F4741 
 653      505F4445 
 653      56494345 
 654              	.LASF25:
 655 0291 4359424C 		.ascii	"CYBLE_EVT_GAPP_ADVERTISEMENT_START_STOP\000"
 655      455F4556 
 655      545F4741 
ARM GAS  C:\Users\jhorel\AppData\Local\Temp\ccE97Uza.s 			page 16


 655      50505F41 
 655      44564552 
 656              	.LASF50:
 657 02b9 4359424C 		.ascii	"CYBLE_EVT_GATTC_HANDLE_VALUE_NTF\000"
 657      455F4556 
 657      545F4741 
 657      5454435F 
 657      48414E44 
 658              	.LASF18:
 659 02da 4359424C 		.ascii	"CYBLE_EVT_STACK_BUSY_STATUS\000"
 659      455F4556 
 659      545F5354 
 659      41434B5F 
 659      42555359 
 660              	.LASF22:
 661 02f6 4359424C 		.ascii	"CYBLE_EVT_GAP_PASSKEY_DISPLAY_REQUEST\000"
 661      455F4556 
 661      545F4741 
 661      505F5041 
 661      53534B45 
 662              	.LASF77:
 663 031c 4359424C 		.ascii	"CYBLE_CUSTOMS_T\000"
 663      455F4355 
 663      53544F4D 
 663      535F5400 
 664              	.LASF60:
 665 032c 4359424C 		.ascii	"CYBLE_EVT_L2CAP_CBFC_CONN_CNF\000"
 665      455F4556 
 665      545F4C32 
 665      4341505F 
 665      43424643 
 666              	.LASF69:
 667 034a 4359424C 		.ascii	"CYBLE_EVT_MAX\000"
 667      455F4556 
 667      545F4D41 
 667      5800
 668              	.LASF56:
 669 0358 4359424C 		.ascii	"CYBLE_EVT_L2CAP_CONN_PARAM_UPDATE_REQ\000"
 669      455F4556 
 669      545F4C32 
 669      4341505F 
 669      434F4E4E 
 670              	.LASF1:
 671 037e 756E7369 		.ascii	"unsigned char\000"
 671      676E6564 
 671      20636861 
 671      7200
 672              	.LASF76:
 673 038c 63757374 		.ascii	"customServInfo\000"
 673      6F6D5365 
 673      7276496E 
 673      666F00
 674              	.LASF47:
 675 039b 4359424C 		.ascii	"CYBLE_EVT_GATTS_PREP_WRITE_REQ\000"
 675      455F4556 
 675      545F4741 
 675      5454535F 
ARM GAS  C:\Users\jhorel\AppData\Local\Temp\ccE97Uza.s 			page 17


 675      50524550 
 676              	.LASF68:
 677 03ba 4359424C 		.ascii	"CYBLE_EVT_LE_PING_AUTH_TIMEOUT\000"
 677      455F4556 
 677      545F4C45 
 677      5F50494E 
 677      475F4155 
 678              	.LASF39:
 679 03d9 4359424C 		.ascii	"CYBLE_EVT_GATTC_FIND_INFO_RSP\000"
 679      455F4556 
 679      545F4741 
 679      5454435F 
 679      46494E44 
 680              	.LASF0:
 681 03f7 7369676E 		.ascii	"signed char\000"
 681      65642063 
 681      68617200 
 682              	.LASF44:
 683 0403 4359424C 		.ascii	"CYBLE_EVT_GATTS_WRITE_REQ\000"
 683      455F4556 
 683      545F4741 
 683      5454535F 
 683      57524954 
 684              	.LASF40:
 685 041d 4359424C 		.ascii	"CYBLE_EVT_GATTC_FIND_BY_TYPE_VALUE_RSP\000"
 685      455F4556 
 685      545F4741 
 685      5454435F 
 685      46494E44 
 686              	.LASF23:
 687 0444 4359424C 		.ascii	"CYBLE_EVT_GAP_AUTH_COMPLETE\000"
 687      455F4556 
 687      545F4741 
 687      505F4155 
 687      54485F43 
 688              	.LASF8:
 689 0460 756E7369 		.ascii	"unsigned int\000"
 689      676E6564 
 689      20696E74 
 689      00
 690              	.LASF33:
 691 046d 4359424C 		.ascii	"CYBLE_EVT_GATT_CONNECT_IND\000"
 691      455F4556 
 691      545F4741 
 691      54545F43 
 691      4F4E4E45 
 692              	.LASF5:
 693 0488 6C6F6E67 		.ascii	"long unsigned int\000"
 693      20756E73 
 693      69676E65 
 693      6420696E 
 693      7400
 694              	.LASF20:
 695 049a 4359424C 		.ascii	"CYBLE_EVT_GAP_AUTH_REQ\000"
 695      455F4556 
 695      545F4741 
 695      505F4155 
ARM GAS  C:\Users\jhorel\AppData\Local\Temp\ccE97Uza.s 			page 18


 695      54485F52 
 696              	.LASF61:
 697 04b1 4359424C 		.ascii	"CYBLE_EVT_L2CAP_CBFC_DISCONN_IND\000"
 697      455F4556 
 697      545F4C32 
 697      4341505F 
 697      43424643 
 698              	.LASF28:
 699 04d2 4359424C 		.ascii	"CYBLE_EVT_GAP_ENCRYPT_CHANGE\000"
 699      455F4556 
 699      545F4741 
 699      505F454E 
 699      43525950 
 700              	.LASF31:
 701 04ef 4359424C 		.ascii	"CYBLE_EVT_GAP_KEYINFO_EXCHNGE_CMPLT\000"
 701      455F4556 
 701      545F4741 
 701      505F4B45 
 701      59494E46 
 702              	.LASF29:
 703 0513 4359424C 		.ascii	"CYBLE_EVT_GAP_CONNECTION_UPDATE_COMPLETE\000"
 703      455F4556 
 703      545F4741 
 703      505F434F 
 703      4E4E4543 
 704              	.LASF11:
 705 053c 63686172 		.ascii	"char\000"
 705      00
 706              	.LASF58:
 707 0541 4359424C 		.ascii	"CYBLE_EVT_L2CAP_COMMAND_REJ\000"
 707      455F4556 
 707      545F4C32 
 707      4341505F 
 707      434F4D4D 
 708              	.LASF3:
 709 055d 73686F72 		.ascii	"short unsigned int\000"
 709      7420756E 
 709      7369676E 
 709      65642069 
 709      6E7400
 710              	.LASF42:
 711 0570 4359424C 		.ascii	"CYBLE_EVT_GATTC_READ_BLOB_RSP\000"
 711      455F4556 
 711      545F4741 
 711      5454435F 
 711      52454144 
 712              	.LASF49:
 713 058e 4359424C 		.ascii	"CYBLE_EVT_GATTC_EXEC_WRITE_RSP\000"
 713      455F4556 
 713      545F4741 
 713      5454435F 
 713      45584543 
 714              	.LASF30:
 715 05ad 4359424C 		.ascii	"CYBLE_EVT_GAPC_SCAN_START_STOP\000"
 715      455F4556 
 715      545F4741 
 715      50435F53 
ARM GAS  C:\Users\jhorel\AppData\Local\Temp\ccE97Uza.s 			page 19


 715      43414E5F 
 716              	.LASF67:
 717 05cc 4359424C 		.ascii	"CYBLE_EVT_PENDING_FLASH_WRITE\000"
 717      455F4556 
 717      545F5045 
 717      4E44494E 
 717      475F464C 
 718              	.LASF64:
 719 05ea 4359424C 		.ascii	"CYBLE_EVT_L2CAP_CBFC_RX_CREDIT_IND\000"
 719      455F4556 
 719      545F4C32 
 719      4341505F 
 719      43424643 
 720              	.LASF10:
 721 060d 646F7562 		.ascii	"double\000"
 721      6C6500
 722              	.LASF65:
 723 0614 4359424C 		.ascii	"CYBLE_EVT_L2CAP_CBFC_TX_CREDIT_IND\000"
 723      455F4556 
 723      545F4C32 
 723      4341505F 
 723      43424643 
 724              	.LASF72:
 725 0637 63757374 		.ascii	"customServCharHandle\000"
 725      6F6D5365 
 725      72764368 
 725      61724861 
 725      6E646C65 
 726              	.LASF21:
 727 064c 4359424C 		.ascii	"CYBLE_EVT_GAP_PASSKEY_ENTRY_REQUEST\000"
 727      455F4556 
 727      545F4741 
 727      505F5041 
 727      53534B45 
 728              	.LASF16:
 729 0670 4359424C 		.ascii	"CYBLE_EVT_HARDWARE_ERROR\000"
 729      455F4556 
 729      545F4841 
 729      52445741 
 729      52455F45 
 730              	.LASF63:
 731 0689 4359424C 		.ascii	"CYBLE_EVT_L2CAP_CBFC_DATA_READ\000"
 731      455F4556 
 731      545F4C32 
 731      4341505F 
 731      43424643 
 732              	.LASF57:
 733 06a8 4359424C 		.ascii	"CYBLE_EVT_L2CAP_CONN_PARAM_UPDATE_RSP\000"
 733      455F4556 
 733      545F4C32 
 733      4341505F 
 733      434F4E4E 
 734              	.LASF19:
 735 06ce 4359424C 		.ascii	"CYBLE_EVT_GAPC_SCAN_PROGRESS_RESULT\000"
 735      455F4556 
 735      545F4741 
 735      50435F53 
ARM GAS  C:\Users\jhorel\AppData\Local\Temp\ccE97Uza.s 			page 20


 735      43414E5F 
 736              	.LASF37:
 737 06f2 4359424C 		.ascii	"CYBLE_EVT_GATTC_READ_BY_GROUP_TYPE_RSP\000"
 737      455F4556 
 737      545F4741 
 737      5454435F 
 737      52454144 
 738              	.LASF46:
 739 0719 4359424C 		.ascii	"CYBLE_EVT_GATTS_WRITE_CMD_REQ\000"
 739      455F4556 
 739      545F4741 
 739      5454535F 
 739      57524954 
 740              	.LASF38:
 741 0737 4359424C 		.ascii	"CYBLE_EVT_GATTC_READ_BY_TYPE_RSP\000"
 741      455F4556 
 741      545F4741 
 741      5454435F 
 741      52454144 
 742              	.LASF36:
 743 0758 4359424C 		.ascii	"CYBLE_EVT_GATTC_XCHNG_MTU_RSP\000"
 743      455F4556 
 743      545F4741 
 743      5454435F 
 743      5843484E 
 744              	.LASF66:
 745 0776 4359424C 		.ascii	"CYBLE_EVT_L2CAP_CBFC_DATA_WRITE_IND\000"
 745      455F4556 
 745      545F4C32 
 745      4341505F 
 745      43424643 
 746              	.LASF15:
 747 079a 4359424C 		.ascii	"CYBLE_EVT_TIMEOUT\000"
 747      455F4556 
 747      545F5449 
 747      4D454F55 
 747      5400
 748              	.LASF55:
 749 07ac 4359424C 		.ascii	"CYBLE_EVT_GATTS_READ_CHAR_VAL_ACCESS_REQ\000"
 749      455F4556 
 749      545F4741 
 749      5454535F 
 749      52454144 
 750              	.LASF54:
 751 07d5 4359424C 		.ascii	"CYBLE_EVT_GATTC_STOP_CMD_COMPLETE\000"
 751      455F4556 
 751      545F4741 
 751      5454435F 
 751      53544F50 
 752              	.LASF78:
 753 07f7 474E5520 		.ascii	"GNU C 4.9.3 20150303 (release) [ARM/embedded-4_9-br"
 753      4320342E 
 753      392E3320 
 753      32303135 
 753      30333033 
 754 082a 616E6368 		.ascii	"anch revision 221220] -mcpu=cortex-m0 -mthumb -g -O"
 754      20726576 
ARM GAS  C:\Users\jhorel\AppData\Local\Temp\ccE97Uza.s 			page 21


 754      6973696F 
 754      6E203232 
 754      31323230 
 755 085d 67202D66 		.ascii	"g -ffunction-sections -ffat-lto-objects\000"
 755      66756E63 
 755      74696F6E 
 755      2D736563 
 755      74696F6E 
 756              	.LASF48:
 757 0885 4359424C 		.ascii	"CYBLE_EVT_GATTS_EXEC_WRITE_REQ\000"
 757      455F4556 
 757      545F4741 
 757      5454535F 
 757      45584543 
 758              	.LASF71:
 759 08a4 4359424C 		.ascii	"CYBLE_GATT_DB_ATTR_HANDLE_T\000"
 759      455F4741 
 759      54545F44 
 759      425F4154 
 759      54525F48 
 760              	.LASF82:
 761 08c0 6379426C 		.ascii	"cyBle_customs\000"
 761      655F6375 
 761      73746F6D 
 761      7300
 762              	.LASF53:
 763 08ce 4359424C 		.ascii	"CYBLE_EVT_GATTS_DATA_SIGNED_CMD_REQ\000"
 763      455F4556 
 763      545F4741 
 763      5454535F 
 763      44415441 
 764              	.LASF34:
 765 08f2 4359424C 		.ascii	"CYBLE_EVT_GATT_DISCONNECT_IND\000"
 765      455F4556 
 765      545F4741 
 765      54545F44 
 765      4953434F 
 766              		.ident	"GCC: (GNU Tools for ARM Embedded Processors) 4.9.3 20150303 (release) [ARM/embedded-4_9-br
