ARM GAS  C:\Users\jhorel\AppData\Local\Temp\ccXdx8Ge.s 			page 1


   1              		.cpu cortex-m0
   2              		.fpu softvfp
   3              		.eabi_attribute 20, 1
   4              		.eabi_attribute 21, 1
   5              		.eabi_attribute 23, 3
   6              		.eabi_attribute 24, 1
   7              		.eabi_attribute 25, 1
   8              		.eabi_attribute 26, 1
   9              		.eabi_attribute 30, 1
  10              		.eabi_attribute 34, 0
  11              		.eabi_attribute 18, 4
  12              		.code	16
  13              		.file	"I2C.c"
  14              		.text
  15              	.Ltext0:
  16              		.cfi_sections	.debug_frame
  17              		.section	.text.I2C_ScbEnableIntr,"ax",%progbits
  18              		.align	2
  19              		.code	16
  20              		.thumb_func
  21              		.type	I2C_ScbEnableIntr, %function
  22              	I2C_ScbEnableIntr:
  23              	.LFB9:
  24              		.file 1 ".\\Generated_Source\\PSoC4\\I2C.c"
   1:.\Generated_Source\PSoC4/I2C.c **** /***************************************************************************//**
   2:.\Generated_Source\PSoC4/I2C.c **** * \file I2C.c
   3:.\Generated_Source\PSoC4/I2C.c **** * \version 3.20
   4:.\Generated_Source\PSoC4/I2C.c **** *
   5:.\Generated_Source\PSoC4/I2C.c **** * \brief
   6:.\Generated_Source\PSoC4/I2C.c **** *  This file provides the source code to the API for the SCB Component.
   7:.\Generated_Source\PSoC4/I2C.c **** *
   8:.\Generated_Source\PSoC4/I2C.c **** * Note:
   9:.\Generated_Source\PSoC4/I2C.c **** *
  10:.\Generated_Source\PSoC4/I2C.c **** *******************************************************************************
  11:.\Generated_Source\PSoC4/I2C.c **** * \copyright
  12:.\Generated_Source\PSoC4/I2C.c **** * Copyright 2013-2016, Cypress Semiconductor Corporation.  All rights reserved.
  13:.\Generated_Source\PSoC4/I2C.c **** * You may use this file only in accordance with the license, terms, conditions,
  14:.\Generated_Source\PSoC4/I2C.c **** * disclaimers, and limitations in the end user license agreement accompanying
  15:.\Generated_Source\PSoC4/I2C.c **** * the software package with which this file was provided.
  16:.\Generated_Source\PSoC4/I2C.c **** *******************************************************************************/
  17:.\Generated_Source\PSoC4/I2C.c **** 
  18:.\Generated_Source\PSoC4/I2C.c **** #include "I2C_PVT.h"
  19:.\Generated_Source\PSoC4/I2C.c **** 
  20:.\Generated_Source\PSoC4/I2C.c **** #if (I2C_SCB_MODE_I2C_INC)
  21:.\Generated_Source\PSoC4/I2C.c ****     #include "I2C_I2C_PVT.h"
  22:.\Generated_Source\PSoC4/I2C.c **** #endif /* (I2C_SCB_MODE_I2C_INC) */
  23:.\Generated_Source\PSoC4/I2C.c **** 
  24:.\Generated_Source\PSoC4/I2C.c **** #if (I2C_SCB_MODE_EZI2C_INC)
  25:.\Generated_Source\PSoC4/I2C.c ****     #include "I2C_EZI2C_PVT.h"
  26:.\Generated_Source\PSoC4/I2C.c **** #endif /* (I2C_SCB_MODE_EZI2C_INC) */
  27:.\Generated_Source\PSoC4/I2C.c **** 
  28:.\Generated_Source\PSoC4/I2C.c **** #if (I2C_SCB_MODE_SPI_INC || I2C_SCB_MODE_UART_INC)
  29:.\Generated_Source\PSoC4/I2C.c ****     #include "I2C_SPI_UART_PVT.h"
  30:.\Generated_Source\PSoC4/I2C.c **** #endif /* (I2C_SCB_MODE_SPI_INC || I2C_SCB_MODE_UART_INC) */
  31:.\Generated_Source\PSoC4/I2C.c **** 
  32:.\Generated_Source\PSoC4/I2C.c **** 
  33:.\Generated_Source\PSoC4/I2C.c **** /***************************************
ARM GAS  C:\Users\jhorel\AppData\Local\Temp\ccXdx8Ge.s 			page 2


  34:.\Generated_Source\PSoC4/I2C.c **** *    Run Time Configuration Vars
  35:.\Generated_Source\PSoC4/I2C.c **** ***************************************/
  36:.\Generated_Source\PSoC4/I2C.c **** 
  37:.\Generated_Source\PSoC4/I2C.c **** /* Stores internal component configuration for Unconfigured mode */
  38:.\Generated_Source\PSoC4/I2C.c **** #if (I2C_SCB_MODE_UNCONFIG_CONST_CFG)
  39:.\Generated_Source\PSoC4/I2C.c ****     /* Common configuration variables */
  40:.\Generated_Source\PSoC4/I2C.c ****     uint8 I2C_scbMode = I2C_SCB_MODE_UNCONFIG;
  41:.\Generated_Source\PSoC4/I2C.c ****     uint8 I2C_scbEnableWake;
  42:.\Generated_Source\PSoC4/I2C.c ****     uint8 I2C_scbEnableIntr;
  43:.\Generated_Source\PSoC4/I2C.c **** 
  44:.\Generated_Source\PSoC4/I2C.c ****     /* I2C configuration variables */
  45:.\Generated_Source\PSoC4/I2C.c ****     uint8 I2C_mode;
  46:.\Generated_Source\PSoC4/I2C.c ****     uint8 I2C_acceptAddr;
  47:.\Generated_Source\PSoC4/I2C.c **** 
  48:.\Generated_Source\PSoC4/I2C.c ****     /* SPI/UART configuration variables */
  49:.\Generated_Source\PSoC4/I2C.c ****     volatile uint8 * I2C_rxBuffer;
  50:.\Generated_Source\PSoC4/I2C.c ****     uint8  I2C_rxDataBits;
  51:.\Generated_Source\PSoC4/I2C.c ****     uint32 I2C_rxBufferSize;
  52:.\Generated_Source\PSoC4/I2C.c **** 
  53:.\Generated_Source\PSoC4/I2C.c ****     volatile uint8 * I2C_txBuffer;
  54:.\Generated_Source\PSoC4/I2C.c ****     uint8  I2C_txDataBits;
  55:.\Generated_Source\PSoC4/I2C.c ****     uint32 I2C_txBufferSize;
  56:.\Generated_Source\PSoC4/I2C.c **** 
  57:.\Generated_Source\PSoC4/I2C.c ****     /* EZI2C configuration variables */
  58:.\Generated_Source\PSoC4/I2C.c ****     uint8 I2C_numberOfAddr;
  59:.\Generated_Source\PSoC4/I2C.c ****     uint8 I2C_subAddrSize;
  60:.\Generated_Source\PSoC4/I2C.c **** #endif /* (I2C_SCB_MODE_UNCONFIG_CONST_CFG) */
  61:.\Generated_Source\PSoC4/I2C.c **** 
  62:.\Generated_Source\PSoC4/I2C.c **** 
  63:.\Generated_Source\PSoC4/I2C.c **** /***************************************
  64:.\Generated_Source\PSoC4/I2C.c **** *     Common SCB Vars
  65:.\Generated_Source\PSoC4/I2C.c **** ***************************************/
  66:.\Generated_Source\PSoC4/I2C.c **** /**
  67:.\Generated_Source\PSoC4/I2C.c **** * \addtogroup group_general
  68:.\Generated_Source\PSoC4/I2C.c **** * \{
  69:.\Generated_Source\PSoC4/I2C.c **** */
  70:.\Generated_Source\PSoC4/I2C.c **** 
  71:.\Generated_Source\PSoC4/I2C.c **** /** I2C_initVar indicates whether the I2C 
  72:.\Generated_Source\PSoC4/I2C.c **** *  component has been initialized. The variable is initialized to 0 
  73:.\Generated_Source\PSoC4/I2C.c **** *  and set to 1 the first time SCB_Start() is called. This allows 
  74:.\Generated_Source\PSoC4/I2C.c **** *  the component to restart without reinitialization after the first 
  75:.\Generated_Source\PSoC4/I2C.c **** *  call to the I2C_Start() routine.
  76:.\Generated_Source\PSoC4/I2C.c **** *
  77:.\Generated_Source\PSoC4/I2C.c **** *  If re-initialization of the component is required, then the 
  78:.\Generated_Source\PSoC4/I2C.c **** *  I2C_Init() function can be called before the 
  79:.\Generated_Source\PSoC4/I2C.c **** *  I2C_Start() or I2C_Enable() function.
  80:.\Generated_Source\PSoC4/I2C.c **** */
  81:.\Generated_Source\PSoC4/I2C.c **** uint8 I2C_initVar = 0u;
  82:.\Generated_Source\PSoC4/I2C.c **** 
  83:.\Generated_Source\PSoC4/I2C.c **** 
  84:.\Generated_Source\PSoC4/I2C.c **** #if (! (I2C_SCB_MODE_I2C_CONST_CFG || \
  85:.\Generated_Source\PSoC4/I2C.c ****         I2C_SCB_MODE_EZI2C_CONST_CFG))
  86:.\Generated_Source\PSoC4/I2C.c ****     /** This global variable stores TX interrupt sources after 
  87:.\Generated_Source\PSoC4/I2C.c ****     * I2C_Stop() is called. Only these TX interrupt sources 
  88:.\Generated_Source\PSoC4/I2C.c ****     * will be restored on a subsequent I2C_Enable() call.
  89:.\Generated_Source\PSoC4/I2C.c ****     */
  90:.\Generated_Source\PSoC4/I2C.c ****     uint16 I2C_IntrTxMask = 0u;
ARM GAS  C:\Users\jhorel\AppData\Local\Temp\ccXdx8Ge.s 			page 3


  91:.\Generated_Source\PSoC4/I2C.c **** #endif /* (! (I2C_SCB_MODE_I2C_CONST_CFG || \
  92:.\Generated_Source\PSoC4/I2C.c ****               I2C_SCB_MODE_EZI2C_CONST_CFG)) */
  93:.\Generated_Source\PSoC4/I2C.c **** /** \} globals */
  94:.\Generated_Source\PSoC4/I2C.c **** 
  95:.\Generated_Source\PSoC4/I2C.c **** #if (I2C_SCB_IRQ_INTERNAL)
  96:.\Generated_Source\PSoC4/I2C.c **** #if !defined (CY_REMOVE_I2C_CUSTOM_INTR_HANDLER)
  97:.\Generated_Source\PSoC4/I2C.c ****     void (*I2C_customIntrHandler)(void) = NULL;
  98:.\Generated_Source\PSoC4/I2C.c **** #endif /* !defined (CY_REMOVE_I2C_CUSTOM_INTR_HANDLER) */
  99:.\Generated_Source\PSoC4/I2C.c **** #endif /* (I2C_SCB_IRQ_INTERNAL) */
 100:.\Generated_Source\PSoC4/I2C.c **** 
 101:.\Generated_Source\PSoC4/I2C.c **** 
 102:.\Generated_Source\PSoC4/I2C.c **** /***************************************
 103:.\Generated_Source\PSoC4/I2C.c **** *    Private Function Prototypes
 104:.\Generated_Source\PSoC4/I2C.c **** ***************************************/
 105:.\Generated_Source\PSoC4/I2C.c **** 
 106:.\Generated_Source\PSoC4/I2C.c **** static void I2C_ScbEnableIntr(void);
 107:.\Generated_Source\PSoC4/I2C.c **** static void I2C_ScbModeStop(void);
 108:.\Generated_Source\PSoC4/I2C.c **** static void I2C_ScbModePostEnable(void);
 109:.\Generated_Source\PSoC4/I2C.c **** 
 110:.\Generated_Source\PSoC4/I2C.c **** 
 111:.\Generated_Source\PSoC4/I2C.c **** /*******************************************************************************
 112:.\Generated_Source\PSoC4/I2C.c **** * Function Name: I2C_Init
 113:.\Generated_Source\PSoC4/I2C.c **** ****************************************************************************//**
 114:.\Generated_Source\PSoC4/I2C.c **** *
 115:.\Generated_Source\PSoC4/I2C.c **** *  Initializes the I2C component to operate in one of the selected
 116:.\Generated_Source\PSoC4/I2C.c **** *  configurations: I2C, SPI, UART or EZI2C.
 117:.\Generated_Source\PSoC4/I2C.c **** *  When the configuration is set to "Unconfigured SCB", this function does
 118:.\Generated_Source\PSoC4/I2C.c **** *  not do any initialization. Use mode-specific initialization APIs instead:
 119:.\Generated_Source\PSoC4/I2C.c **** *  I2C_I2CInit, I2C_SpiInit, 
 120:.\Generated_Source\PSoC4/I2C.c **** *  I2C_UartInit or I2C_EzI2CInit.
 121:.\Generated_Source\PSoC4/I2C.c **** *
 122:.\Generated_Source\PSoC4/I2C.c **** *******************************************************************************/
 123:.\Generated_Source\PSoC4/I2C.c **** void I2C_Init(void)
 124:.\Generated_Source\PSoC4/I2C.c **** {
 125:.\Generated_Source\PSoC4/I2C.c **** #if (I2C_SCB_MODE_UNCONFIG_CONST_CFG)
 126:.\Generated_Source\PSoC4/I2C.c ****     if (I2C_SCB_MODE_UNCONFIG_RUNTM_CFG)
 127:.\Generated_Source\PSoC4/I2C.c ****     {
 128:.\Generated_Source\PSoC4/I2C.c ****         I2C_initVar = 0u;
 129:.\Generated_Source\PSoC4/I2C.c ****     }
 130:.\Generated_Source\PSoC4/I2C.c ****     else
 131:.\Generated_Source\PSoC4/I2C.c ****     {
 132:.\Generated_Source\PSoC4/I2C.c ****         /* Initialization was done before this function call */
 133:.\Generated_Source\PSoC4/I2C.c ****     }
 134:.\Generated_Source\PSoC4/I2C.c **** 
 135:.\Generated_Source\PSoC4/I2C.c **** #elif (I2C_SCB_MODE_I2C_CONST_CFG)
 136:.\Generated_Source\PSoC4/I2C.c ****     I2C_I2CInit();
 137:.\Generated_Source\PSoC4/I2C.c **** 
 138:.\Generated_Source\PSoC4/I2C.c **** #elif (I2C_SCB_MODE_SPI_CONST_CFG)
 139:.\Generated_Source\PSoC4/I2C.c ****     I2C_SpiInit();
 140:.\Generated_Source\PSoC4/I2C.c **** 
 141:.\Generated_Source\PSoC4/I2C.c **** #elif (I2C_SCB_MODE_UART_CONST_CFG)
 142:.\Generated_Source\PSoC4/I2C.c ****     I2C_UartInit();
 143:.\Generated_Source\PSoC4/I2C.c **** 
 144:.\Generated_Source\PSoC4/I2C.c **** #elif (I2C_SCB_MODE_EZI2C_CONST_CFG)
 145:.\Generated_Source\PSoC4/I2C.c ****     I2C_EzI2CInit();
 146:.\Generated_Source\PSoC4/I2C.c **** 
 147:.\Generated_Source\PSoC4/I2C.c **** #endif /* (I2C_SCB_MODE_UNCONFIG_CONST_CFG) */
ARM GAS  C:\Users\jhorel\AppData\Local\Temp\ccXdx8Ge.s 			page 4


 148:.\Generated_Source\PSoC4/I2C.c **** }
 149:.\Generated_Source\PSoC4/I2C.c **** 
 150:.\Generated_Source\PSoC4/I2C.c **** 
 151:.\Generated_Source\PSoC4/I2C.c **** /*******************************************************************************
 152:.\Generated_Source\PSoC4/I2C.c **** * Function Name: I2C_Enable
 153:.\Generated_Source\PSoC4/I2C.c **** ****************************************************************************//**
 154:.\Generated_Source\PSoC4/I2C.c **** *
 155:.\Generated_Source\PSoC4/I2C.c **** *  Enables I2C component operation: activates the hardware and 
 156:.\Generated_Source\PSoC4/I2C.c **** *  internal interrupt. It also restores TX interrupt sources disabled after the 
 157:.\Generated_Source\PSoC4/I2C.c **** *  I2C_Stop() function was called (note that level-triggered TX 
 158:.\Generated_Source\PSoC4/I2C.c **** *  interrupt sources remain disabled to not cause code lock-up).
 159:.\Generated_Source\PSoC4/I2C.c **** *  For I2C and EZI2C modes the interrupt is internal and mandatory for 
 160:.\Generated_Source\PSoC4/I2C.c **** *  operation. For SPI and UART modes the interrupt can be configured as none, 
 161:.\Generated_Source\PSoC4/I2C.c **** *  internal or external.
 162:.\Generated_Source\PSoC4/I2C.c **** *  The I2C configuration should be not changed when the component
 163:.\Generated_Source\PSoC4/I2C.c **** *  is enabled. Any configuration changes should be made after disabling the 
 164:.\Generated_Source\PSoC4/I2C.c **** *  component.
 165:.\Generated_Source\PSoC4/I2C.c **** *  When configuration is set to “Unconfigured I2C”, the component 
 166:.\Generated_Source\PSoC4/I2C.c **** *  must first be initialized to operate in one of the following configurations: 
 167:.\Generated_Source\PSoC4/I2C.c **** *  I2C, SPI, UART or EZ I2C, using the mode-specific initialization API. 
 168:.\Generated_Source\PSoC4/I2C.c **** *  Otherwise this function does not enable the component.
 169:.\Generated_Source\PSoC4/I2C.c **** *
 170:.\Generated_Source\PSoC4/I2C.c **** *******************************************************************************/
 171:.\Generated_Source\PSoC4/I2C.c **** void I2C_Enable(void)
 172:.\Generated_Source\PSoC4/I2C.c **** {
 173:.\Generated_Source\PSoC4/I2C.c **** #if (I2C_SCB_MODE_UNCONFIG_CONST_CFG)
 174:.\Generated_Source\PSoC4/I2C.c ****     /* Enable SCB block, only if it is already configured */
 175:.\Generated_Source\PSoC4/I2C.c ****     if (!I2C_SCB_MODE_UNCONFIG_RUNTM_CFG)
 176:.\Generated_Source\PSoC4/I2C.c ****     {
 177:.\Generated_Source\PSoC4/I2C.c ****         I2C_CTRL_REG |= I2C_CTRL_ENABLED;
 178:.\Generated_Source\PSoC4/I2C.c **** 
 179:.\Generated_Source\PSoC4/I2C.c ****         I2C_ScbEnableIntr();
 180:.\Generated_Source\PSoC4/I2C.c **** 
 181:.\Generated_Source\PSoC4/I2C.c ****         /* Call PostEnable function specific to current operation mode */
 182:.\Generated_Source\PSoC4/I2C.c ****         I2C_ScbModePostEnable();
 183:.\Generated_Source\PSoC4/I2C.c ****     }
 184:.\Generated_Source\PSoC4/I2C.c **** #else
 185:.\Generated_Source\PSoC4/I2C.c ****     I2C_CTRL_REG |= I2C_CTRL_ENABLED;
 186:.\Generated_Source\PSoC4/I2C.c **** 
 187:.\Generated_Source\PSoC4/I2C.c ****     I2C_ScbEnableIntr();
 188:.\Generated_Source\PSoC4/I2C.c **** 
 189:.\Generated_Source\PSoC4/I2C.c ****     /* Call PostEnable function specific to current operation mode */
 190:.\Generated_Source\PSoC4/I2C.c ****     I2C_ScbModePostEnable();
 191:.\Generated_Source\PSoC4/I2C.c **** #endif /* (I2C_SCB_MODE_UNCONFIG_CONST_CFG) */
 192:.\Generated_Source\PSoC4/I2C.c **** }
 193:.\Generated_Source\PSoC4/I2C.c **** 
 194:.\Generated_Source\PSoC4/I2C.c **** 
 195:.\Generated_Source\PSoC4/I2C.c **** /*******************************************************************************
 196:.\Generated_Source\PSoC4/I2C.c **** * Function Name: I2C_Start
 197:.\Generated_Source\PSoC4/I2C.c **** ****************************************************************************//**
 198:.\Generated_Source\PSoC4/I2C.c **** *
 199:.\Generated_Source\PSoC4/I2C.c **** *  Invokes I2C_Init() and I2C_Enable().
 200:.\Generated_Source\PSoC4/I2C.c **** *  After this function call, the component is enabled and ready for operation.
 201:.\Generated_Source\PSoC4/I2C.c **** *  When configuration is set to "Unconfigured SCB", the component must first be
 202:.\Generated_Source\PSoC4/I2C.c **** *  initialized to operate in one of the following configurations: I2C, SPI, UART
 203:.\Generated_Source\PSoC4/I2C.c **** *  or EZI2C. Otherwise this function does not enable the component.
 204:.\Generated_Source\PSoC4/I2C.c **** *
ARM GAS  C:\Users\jhorel\AppData\Local\Temp\ccXdx8Ge.s 			page 5


 205:.\Generated_Source\PSoC4/I2C.c **** * \globalvars
 206:.\Generated_Source\PSoC4/I2C.c **** *  I2C_initVar - used to check initial configuration, modified
 207:.\Generated_Source\PSoC4/I2C.c **** *  on first function call.
 208:.\Generated_Source\PSoC4/I2C.c **** *
 209:.\Generated_Source\PSoC4/I2C.c **** *******************************************************************************/
 210:.\Generated_Source\PSoC4/I2C.c **** void I2C_Start(void)
 211:.\Generated_Source\PSoC4/I2C.c **** {
 212:.\Generated_Source\PSoC4/I2C.c ****     if (0u == I2C_initVar)
 213:.\Generated_Source\PSoC4/I2C.c ****     {
 214:.\Generated_Source\PSoC4/I2C.c ****         I2C_Init();
 215:.\Generated_Source\PSoC4/I2C.c ****         I2C_initVar = 1u; /* Component was initialized */
 216:.\Generated_Source\PSoC4/I2C.c ****     }
 217:.\Generated_Source\PSoC4/I2C.c **** 
 218:.\Generated_Source\PSoC4/I2C.c ****     I2C_Enable();
 219:.\Generated_Source\PSoC4/I2C.c **** }
 220:.\Generated_Source\PSoC4/I2C.c **** 
 221:.\Generated_Source\PSoC4/I2C.c **** 
 222:.\Generated_Source\PSoC4/I2C.c **** /*******************************************************************************
 223:.\Generated_Source\PSoC4/I2C.c **** * Function Name: I2C_Stop
 224:.\Generated_Source\PSoC4/I2C.c **** ****************************************************************************//**
 225:.\Generated_Source\PSoC4/I2C.c **** *
 226:.\Generated_Source\PSoC4/I2C.c **** *  Disables the I2C component: disable the hardware and internal 
 227:.\Generated_Source\PSoC4/I2C.c **** *  interrupt. It also disables all TX interrupt sources so as not to cause an 
 228:.\Generated_Source\PSoC4/I2C.c **** *  unexpected interrupt trigger because after the component is enabled, the 
 229:.\Generated_Source\PSoC4/I2C.c **** *  TX FIFO is empty.
 230:.\Generated_Source\PSoC4/I2C.c **** *  Refer to the function I2C_Enable() for the interrupt 
 231:.\Generated_Source\PSoC4/I2C.c **** *  configuration details.
 232:.\Generated_Source\PSoC4/I2C.c **** *  This function disables the SCB component without checking to see if 
 233:.\Generated_Source\PSoC4/I2C.c **** *  communication is in progress. Before calling this function it may be 
 234:.\Generated_Source\PSoC4/I2C.c **** *  necessary to check the status of communication to make sure communication 
 235:.\Generated_Source\PSoC4/I2C.c **** *  is complete. If this is not done then communication could be stopped mid 
 236:.\Generated_Source\PSoC4/I2C.c **** *  byte and corrupted data could result.
 237:.\Generated_Source\PSoC4/I2C.c **** *
 238:.\Generated_Source\PSoC4/I2C.c **** *******************************************************************************/
 239:.\Generated_Source\PSoC4/I2C.c **** void I2C_Stop(void)
 240:.\Generated_Source\PSoC4/I2C.c **** {
 241:.\Generated_Source\PSoC4/I2C.c **** #if (I2C_SCB_IRQ_INTERNAL)
 242:.\Generated_Source\PSoC4/I2C.c ****     I2C_DisableInt();
 243:.\Generated_Source\PSoC4/I2C.c **** #endif /* (I2C_SCB_IRQ_INTERNAL) */
 244:.\Generated_Source\PSoC4/I2C.c **** 
 245:.\Generated_Source\PSoC4/I2C.c ****     /* Call Stop function specific to current operation mode */
 246:.\Generated_Source\PSoC4/I2C.c ****     I2C_ScbModeStop();
 247:.\Generated_Source\PSoC4/I2C.c **** 
 248:.\Generated_Source\PSoC4/I2C.c ****     /* Disable SCB IP */
 249:.\Generated_Source\PSoC4/I2C.c ****     I2C_CTRL_REG &= (uint32) ~I2C_CTRL_ENABLED;
 250:.\Generated_Source\PSoC4/I2C.c **** 
 251:.\Generated_Source\PSoC4/I2C.c ****     /* Disable all TX interrupt sources so as not to cause an unexpected
 252:.\Generated_Source\PSoC4/I2C.c ****     * interrupt trigger after the component will be enabled because the 
 253:.\Generated_Source\PSoC4/I2C.c ****     * TX FIFO is empty.
 254:.\Generated_Source\PSoC4/I2C.c ****     * For SCB IP v0, it is critical as it does not mask-out interrupt
 255:.\Generated_Source\PSoC4/I2C.c ****     * sources when it is disabled. This can cause a code lock-up in the
 256:.\Generated_Source\PSoC4/I2C.c ****     * interrupt handler because TX FIFO cannot be loaded after the block
 257:.\Generated_Source\PSoC4/I2C.c ****     * is disabled.
 258:.\Generated_Source\PSoC4/I2C.c ****     */
 259:.\Generated_Source\PSoC4/I2C.c ****     I2C_SetTxInterruptMode(I2C_NO_INTR_SOURCES);
 260:.\Generated_Source\PSoC4/I2C.c **** 
 261:.\Generated_Source\PSoC4/I2C.c **** #if (I2C_SCB_IRQ_INTERNAL)
ARM GAS  C:\Users\jhorel\AppData\Local\Temp\ccXdx8Ge.s 			page 6


 262:.\Generated_Source\PSoC4/I2C.c ****     I2C_ClearPendingInt();
 263:.\Generated_Source\PSoC4/I2C.c **** #endif /* (I2C_SCB_IRQ_INTERNAL) */
 264:.\Generated_Source\PSoC4/I2C.c **** }
 265:.\Generated_Source\PSoC4/I2C.c **** 
 266:.\Generated_Source\PSoC4/I2C.c **** 
 267:.\Generated_Source\PSoC4/I2C.c **** /*******************************************************************************
 268:.\Generated_Source\PSoC4/I2C.c **** * Function Name: I2C_SetRxFifoLevel
 269:.\Generated_Source\PSoC4/I2C.c **** ****************************************************************************//**
 270:.\Generated_Source\PSoC4/I2C.c **** *
 271:.\Generated_Source\PSoC4/I2C.c **** *  Sets level in the RX FIFO to generate a RX level interrupt.
 272:.\Generated_Source\PSoC4/I2C.c **** *  When the RX FIFO has more entries than the RX FIFO level an RX level
 273:.\Generated_Source\PSoC4/I2C.c **** *  interrupt request is generated.
 274:.\Generated_Source\PSoC4/I2C.c **** *
 275:.\Generated_Source\PSoC4/I2C.c **** *  \param level: Level in the RX FIFO to generate RX level interrupt.
 276:.\Generated_Source\PSoC4/I2C.c **** *   The range of valid level values is between 0 and RX FIFO depth - 1.
 277:.\Generated_Source\PSoC4/I2C.c **** *
 278:.\Generated_Source\PSoC4/I2C.c **** *******************************************************************************/
 279:.\Generated_Source\PSoC4/I2C.c **** void I2C_SetRxFifoLevel(uint32 level)
 280:.\Generated_Source\PSoC4/I2C.c **** {
 281:.\Generated_Source\PSoC4/I2C.c ****     uint32 rxFifoCtrl;
 282:.\Generated_Source\PSoC4/I2C.c **** 
 283:.\Generated_Source\PSoC4/I2C.c ****     rxFifoCtrl = I2C_RX_FIFO_CTRL_REG;
 284:.\Generated_Source\PSoC4/I2C.c **** 
 285:.\Generated_Source\PSoC4/I2C.c ****     rxFifoCtrl &= ((uint32) ~I2C_RX_FIFO_CTRL_TRIGGER_LEVEL_MASK); /* Clear level mask bits */
 286:.\Generated_Source\PSoC4/I2C.c ****     rxFifoCtrl |= ((uint32) (I2C_RX_FIFO_CTRL_TRIGGER_LEVEL_MASK & level));
 287:.\Generated_Source\PSoC4/I2C.c **** 
 288:.\Generated_Source\PSoC4/I2C.c ****     I2C_RX_FIFO_CTRL_REG = rxFifoCtrl;
 289:.\Generated_Source\PSoC4/I2C.c **** }
 290:.\Generated_Source\PSoC4/I2C.c **** 
 291:.\Generated_Source\PSoC4/I2C.c **** 
 292:.\Generated_Source\PSoC4/I2C.c **** /*******************************************************************************
 293:.\Generated_Source\PSoC4/I2C.c **** * Function Name: I2C_SetTxFifoLevel
 294:.\Generated_Source\PSoC4/I2C.c **** ****************************************************************************//**
 295:.\Generated_Source\PSoC4/I2C.c **** *
 296:.\Generated_Source\PSoC4/I2C.c **** *  Sets level in the TX FIFO to generate a TX level interrupt.
 297:.\Generated_Source\PSoC4/I2C.c **** *  When the TX FIFO has less entries than the TX FIFO level an TX level
 298:.\Generated_Source\PSoC4/I2C.c **** *  interrupt request is generated.
 299:.\Generated_Source\PSoC4/I2C.c **** *
 300:.\Generated_Source\PSoC4/I2C.c **** *  \param level: Level in the TX FIFO to generate TX level interrupt.
 301:.\Generated_Source\PSoC4/I2C.c **** *   The range of valid level values is between 0 and TX FIFO depth - 1.
 302:.\Generated_Source\PSoC4/I2C.c **** *
 303:.\Generated_Source\PSoC4/I2C.c **** *******************************************************************************/
 304:.\Generated_Source\PSoC4/I2C.c **** void I2C_SetTxFifoLevel(uint32 level)
 305:.\Generated_Source\PSoC4/I2C.c **** {
 306:.\Generated_Source\PSoC4/I2C.c ****     uint32 txFifoCtrl;
 307:.\Generated_Source\PSoC4/I2C.c **** 
 308:.\Generated_Source\PSoC4/I2C.c ****     txFifoCtrl = I2C_TX_FIFO_CTRL_REG;
 309:.\Generated_Source\PSoC4/I2C.c **** 
 310:.\Generated_Source\PSoC4/I2C.c ****     txFifoCtrl &= ((uint32) ~I2C_TX_FIFO_CTRL_TRIGGER_LEVEL_MASK); /* Clear level mask bits */
 311:.\Generated_Source\PSoC4/I2C.c ****     txFifoCtrl |= ((uint32) (I2C_TX_FIFO_CTRL_TRIGGER_LEVEL_MASK & level));
 312:.\Generated_Source\PSoC4/I2C.c **** 
 313:.\Generated_Source\PSoC4/I2C.c ****     I2C_TX_FIFO_CTRL_REG = txFifoCtrl;
 314:.\Generated_Source\PSoC4/I2C.c **** }
 315:.\Generated_Source\PSoC4/I2C.c **** 
 316:.\Generated_Source\PSoC4/I2C.c **** 
 317:.\Generated_Source\PSoC4/I2C.c **** #if (I2C_SCB_IRQ_INTERNAL)
 318:.\Generated_Source\PSoC4/I2C.c ****     /*******************************************************************************
ARM GAS  C:\Users\jhorel\AppData\Local\Temp\ccXdx8Ge.s 			page 7


 319:.\Generated_Source\PSoC4/I2C.c ****     * Function Name: I2C_SetCustomInterruptHandler
 320:.\Generated_Source\PSoC4/I2C.c ****     ****************************************************************************//**
 321:.\Generated_Source\PSoC4/I2C.c ****     *
 322:.\Generated_Source\PSoC4/I2C.c ****     *  Registers a function to be called by the internal interrupt handler.
 323:.\Generated_Source\PSoC4/I2C.c ****     *  First the function that is registered is called, then the internal interrupt
 324:.\Generated_Source\PSoC4/I2C.c ****     *  handler performs any operation such as software buffer management functions
 325:.\Generated_Source\PSoC4/I2C.c ****     *  before the interrupt returns.  It is the user's responsibility not to break
 326:.\Generated_Source\PSoC4/I2C.c ****     *  the software buffer operations. Only one custom handler is supported, which
 327:.\Generated_Source\PSoC4/I2C.c ****     *  is the function provided by the most recent call.
 328:.\Generated_Source\PSoC4/I2C.c ****     *  At the initialization time no custom handler is registered.
 329:.\Generated_Source\PSoC4/I2C.c ****     *
 330:.\Generated_Source\PSoC4/I2C.c ****     *  \param func: Pointer to the function to register.
 331:.\Generated_Source\PSoC4/I2C.c ****     *        The value NULL indicates to remove the current custom interrupt
 332:.\Generated_Source\PSoC4/I2C.c ****     *        handler.
 333:.\Generated_Source\PSoC4/I2C.c ****     *
 334:.\Generated_Source\PSoC4/I2C.c ****     *******************************************************************************/
 335:.\Generated_Source\PSoC4/I2C.c ****     void I2C_SetCustomInterruptHandler(void (*func)(void))
 336:.\Generated_Source\PSoC4/I2C.c ****     {
 337:.\Generated_Source\PSoC4/I2C.c ****     #if !defined (CY_REMOVE_I2C_CUSTOM_INTR_HANDLER)
 338:.\Generated_Source\PSoC4/I2C.c ****         I2C_customIntrHandler = func; /* Register interrupt handler */
 339:.\Generated_Source\PSoC4/I2C.c ****     #else
 340:.\Generated_Source\PSoC4/I2C.c ****         if (NULL != func)
 341:.\Generated_Source\PSoC4/I2C.c ****         {
 342:.\Generated_Source\PSoC4/I2C.c ****             /* Suppress compiler warning */
 343:.\Generated_Source\PSoC4/I2C.c ****         }
 344:.\Generated_Source\PSoC4/I2C.c ****     #endif /* !defined (CY_REMOVE_I2C_CUSTOM_INTR_HANDLER) */
 345:.\Generated_Source\PSoC4/I2C.c ****     }
 346:.\Generated_Source\PSoC4/I2C.c **** #endif /* (I2C_SCB_IRQ_INTERNAL) */
 347:.\Generated_Source\PSoC4/I2C.c **** 
 348:.\Generated_Source\PSoC4/I2C.c **** 
 349:.\Generated_Source\PSoC4/I2C.c **** /*******************************************************************************
 350:.\Generated_Source\PSoC4/I2C.c **** * Function Name: I2C_ScbModeEnableIntr
 351:.\Generated_Source\PSoC4/I2C.c **** ****************************************************************************//**
 352:.\Generated_Source\PSoC4/I2C.c **** *
 353:.\Generated_Source\PSoC4/I2C.c **** *  Enables an interrupt for a specific mode.
 354:.\Generated_Source\PSoC4/I2C.c **** *
 355:.\Generated_Source\PSoC4/I2C.c **** *******************************************************************************/
 356:.\Generated_Source\PSoC4/I2C.c **** static void I2C_ScbEnableIntr(void)
 357:.\Generated_Source\PSoC4/I2C.c **** {
  25              		.loc 1 357 0
  26              		.cfi_startproc
  27 0000 08B5     		push	{r3, lr}
  28              		.cfi_def_cfa_offset 8
  29              		.cfi_offset 3, -8
  30              		.cfi_offset 14, -4
 358:.\Generated_Source\PSoC4/I2C.c **** #if (I2C_SCB_IRQ_INTERNAL)
 359:.\Generated_Source\PSoC4/I2C.c ****     /* Enable interrupt in NVIC */
 360:.\Generated_Source\PSoC4/I2C.c ****     #if (I2C_SCB_MODE_UNCONFIG_CONST_CFG)
 361:.\Generated_Source\PSoC4/I2C.c ****         if (0u != I2C_scbEnableIntr)
 362:.\Generated_Source\PSoC4/I2C.c ****         {
 363:.\Generated_Source\PSoC4/I2C.c ****             I2C_EnableInt();
 364:.\Generated_Source\PSoC4/I2C.c ****         }
 365:.\Generated_Source\PSoC4/I2C.c **** 
 366:.\Generated_Source\PSoC4/I2C.c ****     #else
 367:.\Generated_Source\PSoC4/I2C.c ****         I2C_EnableInt();
  31              		.loc 1 367 0
  32 0002 0920     		mov	r0, #9
ARM GAS  C:\Users\jhorel\AppData\Local\Temp\ccXdx8Ge.s 			page 8


  33 0004 FFF7FEFF 		bl	CyIntEnable
  34              	.LVL0:
 368:.\Generated_Source\PSoC4/I2C.c **** 
 369:.\Generated_Source\PSoC4/I2C.c ****     #endif /* (I2C_SCB_MODE_UNCONFIG_CONST_CFG) */
 370:.\Generated_Source\PSoC4/I2C.c **** #endif /* (I2C_SCB_IRQ_INTERNAL) */
 371:.\Generated_Source\PSoC4/I2C.c **** }
  35              		.loc 1 371 0
  36              		@ sp needed
  37 0008 08BD     		pop	{r3, pc}
  38              		.cfi_endproc
  39              	.LFE9:
  40              		.size	I2C_ScbEnableIntr, .-I2C_ScbEnableIntr
  41 000a C046     		.section	.text.I2C_ScbModeStop,"ax",%progbits
  42              		.align	2
  43              		.code	16
  44              		.thumb_func
  45              		.type	I2C_ScbModeStop, %function
  46              	I2C_ScbModeStop:
  47              	.LFB11:
 372:.\Generated_Source\PSoC4/I2C.c **** 
 373:.\Generated_Source\PSoC4/I2C.c **** 
 374:.\Generated_Source\PSoC4/I2C.c **** /*******************************************************************************
 375:.\Generated_Source\PSoC4/I2C.c **** * Function Name: I2C_ScbModePostEnable
 376:.\Generated_Source\PSoC4/I2C.c **** ****************************************************************************//**
 377:.\Generated_Source\PSoC4/I2C.c **** *
 378:.\Generated_Source\PSoC4/I2C.c **** *  Calls the PostEnable function for a specific operation mode.
 379:.\Generated_Source\PSoC4/I2C.c **** *
 380:.\Generated_Source\PSoC4/I2C.c **** *******************************************************************************/
 381:.\Generated_Source\PSoC4/I2C.c **** static void I2C_ScbModePostEnable(void)
 382:.\Generated_Source\PSoC4/I2C.c **** {
 383:.\Generated_Source\PSoC4/I2C.c **** #if (I2C_SCB_MODE_UNCONFIG_CONST_CFG)
 384:.\Generated_Source\PSoC4/I2C.c **** #if (!I2C_CY_SCBIP_V1)
 385:.\Generated_Source\PSoC4/I2C.c ****     if (I2C_SCB_MODE_SPI_RUNTM_CFG)
 386:.\Generated_Source\PSoC4/I2C.c ****     {
 387:.\Generated_Source\PSoC4/I2C.c ****         I2C_SpiPostEnable();
 388:.\Generated_Source\PSoC4/I2C.c ****     }
 389:.\Generated_Source\PSoC4/I2C.c ****     else if (I2C_SCB_MODE_UART_RUNTM_CFG)
 390:.\Generated_Source\PSoC4/I2C.c ****     {
 391:.\Generated_Source\PSoC4/I2C.c ****         I2C_UartPostEnable();
 392:.\Generated_Source\PSoC4/I2C.c ****     }
 393:.\Generated_Source\PSoC4/I2C.c ****     else
 394:.\Generated_Source\PSoC4/I2C.c ****     {
 395:.\Generated_Source\PSoC4/I2C.c ****         /* Unknown mode: do nothing */
 396:.\Generated_Source\PSoC4/I2C.c ****     }
 397:.\Generated_Source\PSoC4/I2C.c **** #endif /* (!I2C_CY_SCBIP_V1) */
 398:.\Generated_Source\PSoC4/I2C.c **** 
 399:.\Generated_Source\PSoC4/I2C.c **** #elif (I2C_SCB_MODE_SPI_CONST_CFG)
 400:.\Generated_Source\PSoC4/I2C.c ****     I2C_SpiPostEnable();
 401:.\Generated_Source\PSoC4/I2C.c **** 
 402:.\Generated_Source\PSoC4/I2C.c **** #elif (I2C_SCB_MODE_UART_CONST_CFG)
 403:.\Generated_Source\PSoC4/I2C.c ****     I2C_UartPostEnable();
 404:.\Generated_Source\PSoC4/I2C.c **** 
 405:.\Generated_Source\PSoC4/I2C.c **** #else
 406:.\Generated_Source\PSoC4/I2C.c ****     /* Unknown mode: do nothing */
 407:.\Generated_Source\PSoC4/I2C.c **** #endif /* (I2C_SCB_MODE_UNCONFIG_CONST_CFG) */
 408:.\Generated_Source\PSoC4/I2C.c **** }
 409:.\Generated_Source\PSoC4/I2C.c **** 
ARM GAS  C:\Users\jhorel\AppData\Local\Temp\ccXdx8Ge.s 			page 9


 410:.\Generated_Source\PSoC4/I2C.c **** 
 411:.\Generated_Source\PSoC4/I2C.c **** /*******************************************************************************
 412:.\Generated_Source\PSoC4/I2C.c **** * Function Name: I2C_ScbModeStop
 413:.\Generated_Source\PSoC4/I2C.c **** ****************************************************************************//**
 414:.\Generated_Source\PSoC4/I2C.c **** *
 415:.\Generated_Source\PSoC4/I2C.c **** *  Calls the Stop function for a specific operation mode.
 416:.\Generated_Source\PSoC4/I2C.c **** *
 417:.\Generated_Source\PSoC4/I2C.c **** *******************************************************************************/
 418:.\Generated_Source\PSoC4/I2C.c **** static void I2C_ScbModeStop(void)
 419:.\Generated_Source\PSoC4/I2C.c **** {
  48              		.loc 1 419 0
  49              		.cfi_startproc
  50 0000 08B5     		push	{r3, lr}
  51              		.cfi_def_cfa_offset 8
  52              		.cfi_offset 3, -8
  53              		.cfi_offset 14, -4
 420:.\Generated_Source\PSoC4/I2C.c **** #if (I2C_SCB_MODE_UNCONFIG_CONST_CFG)
 421:.\Generated_Source\PSoC4/I2C.c ****     if (I2C_SCB_MODE_I2C_RUNTM_CFG)
 422:.\Generated_Source\PSoC4/I2C.c ****     {
 423:.\Generated_Source\PSoC4/I2C.c ****         I2C_I2CStop();
 424:.\Generated_Source\PSoC4/I2C.c ****     }
 425:.\Generated_Source\PSoC4/I2C.c ****     else if (I2C_SCB_MODE_EZI2C_RUNTM_CFG)
 426:.\Generated_Source\PSoC4/I2C.c ****     {
 427:.\Generated_Source\PSoC4/I2C.c ****         I2C_EzI2CStop();
 428:.\Generated_Source\PSoC4/I2C.c ****     }
 429:.\Generated_Source\PSoC4/I2C.c **** #if (!I2C_CY_SCBIP_V1)
 430:.\Generated_Source\PSoC4/I2C.c ****     else if (I2C_SCB_MODE_SPI_RUNTM_CFG)
 431:.\Generated_Source\PSoC4/I2C.c ****     {
 432:.\Generated_Source\PSoC4/I2C.c ****         I2C_SpiStop();
 433:.\Generated_Source\PSoC4/I2C.c ****     }
 434:.\Generated_Source\PSoC4/I2C.c ****     else if (I2C_SCB_MODE_UART_RUNTM_CFG)
 435:.\Generated_Source\PSoC4/I2C.c ****     {
 436:.\Generated_Source\PSoC4/I2C.c ****         I2C_UartStop();
 437:.\Generated_Source\PSoC4/I2C.c ****     }
 438:.\Generated_Source\PSoC4/I2C.c **** #endif /* (!I2C_CY_SCBIP_V1) */
 439:.\Generated_Source\PSoC4/I2C.c ****     else
 440:.\Generated_Source\PSoC4/I2C.c ****     {
 441:.\Generated_Source\PSoC4/I2C.c ****         /* Unknown mode: do nothing */
 442:.\Generated_Source\PSoC4/I2C.c ****     }
 443:.\Generated_Source\PSoC4/I2C.c **** #elif (I2C_SCB_MODE_I2C_CONST_CFG)
 444:.\Generated_Source\PSoC4/I2C.c ****     I2C_I2CStop();
  54              		.loc 1 444 0
  55 0002 FFF7FEFF 		bl	I2C_I2CStop
  56              	.LVL1:
 445:.\Generated_Source\PSoC4/I2C.c **** 
 446:.\Generated_Source\PSoC4/I2C.c **** #elif (I2C_SCB_MODE_EZI2C_CONST_CFG)
 447:.\Generated_Source\PSoC4/I2C.c ****     I2C_EzI2CStop();
 448:.\Generated_Source\PSoC4/I2C.c **** 
 449:.\Generated_Source\PSoC4/I2C.c **** #elif (I2C_SCB_MODE_SPI_CONST_CFG)
 450:.\Generated_Source\PSoC4/I2C.c ****     I2C_SpiStop();
 451:.\Generated_Source\PSoC4/I2C.c **** 
 452:.\Generated_Source\PSoC4/I2C.c **** #elif (I2C_SCB_MODE_UART_CONST_CFG)
 453:.\Generated_Source\PSoC4/I2C.c ****     I2C_UartStop();
 454:.\Generated_Source\PSoC4/I2C.c **** 
 455:.\Generated_Source\PSoC4/I2C.c **** #else
 456:.\Generated_Source\PSoC4/I2C.c ****     /* Unknown mode: do nothing */
 457:.\Generated_Source\PSoC4/I2C.c **** #endif /* (I2C_SCB_MODE_UNCONFIG_CONST_CFG) */
ARM GAS  C:\Users\jhorel\AppData\Local\Temp\ccXdx8Ge.s 			page 10


 458:.\Generated_Source\PSoC4/I2C.c **** }
  57              		.loc 1 458 0
  58              		@ sp needed
  59 0006 08BD     		pop	{r3, pc}
  60              		.cfi_endproc
  61              	.LFE11:
  62              		.size	I2C_ScbModeStop, .-I2C_ScbModeStop
  63              		.section	.text.I2C_Init,"ax",%progbits
  64              		.align	2
  65              		.global	I2C_Init
  66              		.code	16
  67              		.thumb_func
  68              		.type	I2C_Init, %function
  69              	I2C_Init:
  70              	.LFB2:
 124:.\Generated_Source\PSoC4/I2C.c **** #if (I2C_SCB_MODE_UNCONFIG_CONST_CFG)
  71              		.loc 1 124 0
  72              		.cfi_startproc
  73 0000 08B5     		push	{r3, lr}
  74              		.cfi_def_cfa_offset 8
  75              		.cfi_offset 3, -8
  76              		.cfi_offset 14, -4
 136:.\Generated_Source\PSoC4/I2C.c **** 
  77              		.loc 1 136 0
  78 0002 FFF7FEFF 		bl	I2C_I2CInit
  79              	.LVL2:
 148:.\Generated_Source\PSoC4/I2C.c **** 
  80              		.loc 1 148 0
  81              		@ sp needed
  82 0006 08BD     		pop	{r3, pc}
  83              		.cfi_endproc
  84              	.LFE2:
  85              		.size	I2C_Init, .-I2C_Init
  86              		.section	.text.I2C_Enable,"ax",%progbits
  87              		.align	2
  88              		.global	I2C_Enable
  89              		.code	16
  90              		.thumb_func
  91              		.type	I2C_Enable, %function
  92              	I2C_Enable:
  93              	.LFB3:
 172:.\Generated_Source\PSoC4/I2C.c **** #if (I2C_SCB_MODE_UNCONFIG_CONST_CFG)
  94              		.loc 1 172 0
  95              		.cfi_startproc
  96 0000 08B5     		push	{r3, lr}
  97              		.cfi_def_cfa_offset 8
  98              		.cfi_offset 3, -8
  99              		.cfi_offset 14, -4
 185:.\Generated_Source\PSoC4/I2C.c **** 
 100              		.loc 1 185 0
 101 0002 044A     		ldr	r2, .L5
 102 0004 1368     		ldr	r3, [r2]
 103 0006 8021     		mov	r1, #128
 104 0008 0906     		lsl	r1, r1, #24
 105 000a 0B43     		orr	r3, r1
 106 000c 1360     		str	r3, [r2]
 187:.\Generated_Source\PSoC4/I2C.c **** 
ARM GAS  C:\Users\jhorel\AppData\Local\Temp\ccXdx8Ge.s 			page 11


 107              		.loc 1 187 0
 108 000e FFF7FEFF 		bl	I2C_ScbEnableIntr
 109              	.LVL3:
 192:.\Generated_Source\PSoC4/I2C.c **** 
 110              		.loc 1 192 0
 111              		@ sp needed
 112 0012 08BD     		pop	{r3, pc}
 113              	.L6:
 114              		.align	2
 115              	.L5:
 116 0014 00002440 		.word	1076101120
 117              		.cfi_endproc
 118              	.LFE3:
 119              		.size	I2C_Enable, .-I2C_Enable
 120              		.section	.text.I2C_Start,"ax",%progbits
 121              		.align	2
 122              		.global	I2C_Start
 123              		.code	16
 124              		.thumb_func
 125              		.type	I2C_Start, %function
 126              	I2C_Start:
 127              	.LFB4:
 211:.\Generated_Source\PSoC4/I2C.c ****     if (0u == I2C_initVar)
 128              		.loc 1 211 0
 129              		.cfi_startproc
 130 0000 08B5     		push	{r3, lr}
 131              		.cfi_def_cfa_offset 8
 132              		.cfi_offset 3, -8
 133              		.cfi_offset 14, -4
 212:.\Generated_Source\PSoC4/I2C.c ****     {
 134              		.loc 1 212 0
 135 0002 064B     		ldr	r3, .L9
 136 0004 1B78     		ldrb	r3, [r3]
 137 0006 002B     		cmp	r3, #0
 138 0008 04D1     		bne	.L8
 214:.\Generated_Source\PSoC4/I2C.c ****         I2C_initVar = 1u; /* Component was initialized */
 139              		.loc 1 214 0
 140 000a FFF7FEFF 		bl	I2C_Init
 141              	.LVL4:
 215:.\Generated_Source\PSoC4/I2C.c ****     }
 142              		.loc 1 215 0
 143 000e 0122     		mov	r2, #1
 144 0010 024B     		ldr	r3, .L9
 145 0012 1A70     		strb	r2, [r3]
 146              	.L8:
 218:.\Generated_Source\PSoC4/I2C.c **** }
 147              		.loc 1 218 0
 148 0014 FFF7FEFF 		bl	I2C_Enable
 149              	.LVL5:
 219:.\Generated_Source\PSoC4/I2C.c **** 
 150              		.loc 1 219 0
 151              		@ sp needed
 152 0018 08BD     		pop	{r3, pc}
 153              	.L10:
 154 001a C046     		.align	2
 155              	.L9:
 156 001c 00000000 		.word	.LANCHOR0
ARM GAS  C:\Users\jhorel\AppData\Local\Temp\ccXdx8Ge.s 			page 12


 157              		.cfi_endproc
 158              	.LFE4:
 159              		.size	I2C_Start, .-I2C_Start
 160              		.section	.text.I2C_Stop,"ax",%progbits
 161              		.align	2
 162              		.global	I2C_Stop
 163              		.code	16
 164              		.thumb_func
 165              		.type	I2C_Stop, %function
 166              	I2C_Stop:
 167              	.LFB5:
 240:.\Generated_Source\PSoC4/I2C.c **** #if (I2C_SCB_IRQ_INTERNAL)
 168              		.loc 1 240 0
 169              		.cfi_startproc
 170 0000 08B5     		push	{r3, lr}
 171              		.cfi_def_cfa_offset 8
 172              		.cfi_offset 3, -8
 173              		.cfi_offset 14, -4
 242:.\Generated_Source\PSoC4/I2C.c **** #endif /* (I2C_SCB_IRQ_INTERNAL) */
 174              		.loc 1 242 0
 175 0002 0920     		mov	r0, #9
 176 0004 FFF7FEFF 		bl	CyIntDisable
 177              	.LVL6:
 246:.\Generated_Source\PSoC4/I2C.c **** 
 178              		.loc 1 246 0
 179 0008 FFF7FEFF 		bl	I2C_ScbModeStop
 180              	.LVL7:
 249:.\Generated_Source\PSoC4/I2C.c **** 
 181              		.loc 1 249 0
 182 000c 054A     		ldr	r2, .L12
 183 000e 1368     		ldr	r3, [r2]
 184 0010 5B00     		lsl	r3, r3, #1
 185 0012 5B08     		lsr	r3, r3, #1
 186 0014 1360     		str	r3, [r2]
 259:.\Generated_Source\PSoC4/I2C.c **** 
 187              		.loc 1 259 0
 188 0016 0022     		mov	r2, #0
 189 0018 034B     		ldr	r3, .L12+4
 190 001a 1A60     		str	r2, [r3]
 262:.\Generated_Source\PSoC4/I2C.c **** #endif /* (I2C_SCB_IRQ_INTERNAL) */
 191              		.loc 1 262 0
 192 001c 0920     		mov	r0, #9
 193 001e FFF7FEFF 		bl	CyIntClearPending
 194              	.LVL8:
 264:.\Generated_Source\PSoC4/I2C.c **** 
 195              		.loc 1 264 0
 196              		@ sp needed
 197 0022 08BD     		pop	{r3, pc}
 198              	.L13:
 199              		.align	2
 200              	.L12:
 201 0024 00002440 		.word	1076101120
 202 0028 880F2440 		.word	1076105096
 203              		.cfi_endproc
 204              	.LFE5:
 205              		.size	I2C_Stop, .-I2C_Stop
 206              		.section	.text.I2C_SetRxFifoLevel,"ax",%progbits
ARM GAS  C:\Users\jhorel\AppData\Local\Temp\ccXdx8Ge.s 			page 13


 207              		.align	2
 208              		.global	I2C_SetRxFifoLevel
 209              		.code	16
 210              		.thumb_func
 211              		.type	I2C_SetRxFifoLevel, %function
 212              	I2C_SetRxFifoLevel:
 213              	.LFB6:
 280:.\Generated_Source\PSoC4/I2C.c ****     uint32 rxFifoCtrl;
 214              		.loc 1 280 0
 215              		.cfi_startproc
 216              	.LVL9:
 283:.\Generated_Source\PSoC4/I2C.c **** 
 217              		.loc 1 283 0
 218 0000 034A     		ldr	r2, .L15
 219 0002 1368     		ldr	r3, [r2]
 220              	.LVL10:
 285:.\Generated_Source\PSoC4/I2C.c ****     rxFifoCtrl |= ((uint32) (I2C_RX_FIFO_CTRL_TRIGGER_LEVEL_MASK & level));
 221              		.loc 1 285 0
 222 0004 0F21     		mov	r1, #15
 223 0006 8B43     		bic	r3, r1
 224              	.LVL11:
 286:.\Generated_Source\PSoC4/I2C.c **** 
 225              		.loc 1 286 0
 226 0008 0840     		and	r0, r1
 227              	.LVL12:
 228 000a 1843     		orr	r0, r3
 229              	.LVL13:
 288:.\Generated_Source\PSoC4/I2C.c **** }
 230              		.loc 1 288 0
 231 000c 1060     		str	r0, [r2]
 289:.\Generated_Source\PSoC4/I2C.c **** 
 232              		.loc 1 289 0
 233              		@ sp needed
 234 000e 7047     		bx	lr
 235              	.L16:
 236              		.align	2
 237              	.L15:
 238 0010 04032440 		.word	1076101892
 239              		.cfi_endproc
 240              	.LFE6:
 241              		.size	I2C_SetRxFifoLevel, .-I2C_SetRxFifoLevel
 242              		.section	.text.I2C_SetTxFifoLevel,"ax",%progbits
 243              		.align	2
 244              		.global	I2C_SetTxFifoLevel
 245              		.code	16
 246              		.thumb_func
 247              		.type	I2C_SetTxFifoLevel, %function
 248              	I2C_SetTxFifoLevel:
 249              	.LFB7:
 305:.\Generated_Source\PSoC4/I2C.c ****     uint32 txFifoCtrl;
 250              		.loc 1 305 0
 251              		.cfi_startproc
 252              	.LVL14:
 308:.\Generated_Source\PSoC4/I2C.c **** 
 253              		.loc 1 308 0
 254 0000 034A     		ldr	r2, .L18
 255 0002 1368     		ldr	r3, [r2]
ARM GAS  C:\Users\jhorel\AppData\Local\Temp\ccXdx8Ge.s 			page 14


 256              	.LVL15:
 310:.\Generated_Source\PSoC4/I2C.c ****     txFifoCtrl |= ((uint32) (I2C_TX_FIFO_CTRL_TRIGGER_LEVEL_MASK & level));
 257              		.loc 1 310 0
 258 0004 0F21     		mov	r1, #15
 259 0006 8B43     		bic	r3, r1
 260              	.LVL16:
 311:.\Generated_Source\PSoC4/I2C.c **** 
 261              		.loc 1 311 0
 262 0008 0840     		and	r0, r1
 263              	.LVL17:
 264 000a 1843     		orr	r0, r3
 265              	.LVL18:
 313:.\Generated_Source\PSoC4/I2C.c **** }
 266              		.loc 1 313 0
 267 000c 1060     		str	r0, [r2]
 314:.\Generated_Source\PSoC4/I2C.c **** 
 268              		.loc 1 314 0
 269              		@ sp needed
 270 000e 7047     		bx	lr
 271              	.L19:
 272              		.align	2
 273              	.L18:
 274 0010 04022440 		.word	1076101636
 275              		.cfi_endproc
 276              	.LFE7:
 277              		.size	I2C_SetTxFifoLevel, .-I2C_SetTxFifoLevel
 278              		.section	.text.I2C_SetCustomInterruptHandler,"ax",%progbits
 279              		.align	2
 280              		.global	I2C_SetCustomInterruptHandler
 281              		.code	16
 282              		.thumb_func
 283              		.type	I2C_SetCustomInterruptHandler, %function
 284              	I2C_SetCustomInterruptHandler:
 285              	.LFB8:
 336:.\Generated_Source\PSoC4/I2C.c ****     #if !defined (CY_REMOVE_I2C_CUSTOM_INTR_HANDLER)
 286              		.loc 1 336 0
 287              		.cfi_startproc
 288              	.LVL19:
 338:.\Generated_Source\PSoC4/I2C.c ****     #else
 289              		.loc 1 338 0
 290 0000 014B     		ldr	r3, .L21
 291 0002 5860     		str	r0, [r3, #4]
 345:.\Generated_Source\PSoC4/I2C.c **** #endif /* (I2C_SCB_IRQ_INTERNAL) */
 292              		.loc 1 345 0
 293              		@ sp needed
 294 0004 7047     		bx	lr
 295              	.L22:
 296 0006 C046     		.align	2
 297              	.L21:
 298 0008 00000000 		.word	.LANCHOR0
 299              		.cfi_endproc
 300              	.LFE8:
 301              		.size	I2C_SetCustomInterruptHandler, .-I2C_SetCustomInterruptHandler
 302              		.global	I2C_customIntrHandler
 303              		.global	I2C_initVar
 304              		.bss
 305              		.align	2
ARM GAS  C:\Users\jhorel\AppData\Local\Temp\ccXdx8Ge.s 			page 15


 306              		.set	.LANCHOR0,. + 0
 307              		.type	I2C_initVar, %object
 308              		.size	I2C_initVar, 1
 309              	I2C_initVar:
 310 0000 00       		.space	1
 311 0001 000000   		.space	3
 312              		.type	I2C_customIntrHandler, %object
 313              		.size	I2C_customIntrHandler, 4
 314              	I2C_customIntrHandler:
 315 0004 00000000 		.space	4
 316              		.text
 317              	.Letext0:
 318              		.file 2 "Generated_Source\\PSoC4/cytypes.h"
 319              		.file 3 ".\\Generated_Source\\PSoC4\\I2C_I2C_PVT.h"
 320              		.file 4 "Generated_Source\\PSoC4/CyLib.h"
 321              		.section	.debug_info,"",%progbits
 322              	.Ldebug_info0:
 323 0000 91020000 		.4byte	0x291
 324 0004 0400     		.2byte	0x4
 325 0006 00000000 		.4byte	.Ldebug_abbrev0
 326 000a 04       		.byte	0x4
 327 000b 01       		.uleb128 0x1
 328 000c 98010000 		.4byte	.LASF35
 329 0010 01       		.byte	0x1
 330 0011 58000000 		.4byte	.LASF36
 331 0015 2A000000 		.4byte	.LASF37
 332 0019 00000000 		.4byte	.Ldebug_ranges0+0
 333 001d 00000000 		.4byte	0
 334 0021 00000000 		.4byte	.Ldebug_line0
 335 0025 02       		.uleb128 0x2
 336 0026 01       		.byte	0x1
 337 0027 06       		.byte	0x6
 338 0028 72020000 		.4byte	.LASF0
 339 002c 02       		.uleb128 0x2
 340 002d 01       		.byte	0x1
 341 002e 08       		.byte	0x8
 342 002f 99000000 		.4byte	.LASF1
 343 0033 02       		.uleb128 0x2
 344 0034 02       		.byte	0x2
 345 0035 05       		.byte	0x5
 346 0036 05010000 		.4byte	.LASF2
 347 003a 02       		.uleb128 0x2
 348 003b 02       		.byte	0x2
 349 003c 07       		.byte	0x7
 350 003d 17000000 		.4byte	.LASF3
 351 0041 02       		.uleb128 0x2
 352 0042 04       		.byte	0x4
 353 0043 05       		.byte	0x5
 354 0044 5D020000 		.4byte	.LASF4
 355 0048 02       		.uleb128 0x2
 356 0049 04       		.byte	0x4
 357 004a 07       		.byte	0x7
 358 004b CA000000 		.4byte	.LASF5
 359 004f 02       		.uleb128 0x2
 360 0050 08       		.byte	0x8
 361 0051 05       		.byte	0x5
 362 0052 85010000 		.4byte	.LASF6
ARM GAS  C:\Users\jhorel\AppData\Local\Temp\ccXdx8Ge.s 			page 16


 363 0056 02       		.uleb128 0x2
 364 0057 08       		.byte	0x8
 365 0058 07       		.byte	0x7
 366 0059 4A010000 		.4byte	.LASF7
 367 005d 03       		.uleb128 0x3
 368 005e 04       		.byte	0x4
 369 005f 05       		.byte	0x5
 370 0060 696E7400 		.ascii	"int\000"
 371 0064 02       		.uleb128 0x2
 372 0065 04       		.byte	0x4
 373 0066 07       		.byte	0x7
 374 0067 3D010000 		.4byte	.LASF8
 375 006b 04       		.uleb128 0x4
 376 006c DC000000 		.4byte	.LASF9
 377 0070 02       		.byte	0x2
 378 0071 C2       		.byte	0xc2
 379 0072 2C000000 		.4byte	0x2c
 380 0076 04       		.uleb128 0x4
 381 0077 36010000 		.4byte	.LASF10
 382 007b 02       		.byte	0x2
 383 007c C4       		.byte	0xc4
 384 007d 48000000 		.4byte	0x48
 385 0081 02       		.uleb128 0x2
 386 0082 04       		.byte	0x4
 387 0083 04       		.byte	0x4
 388 0084 93000000 		.4byte	.LASF11
 389 0088 02       		.uleb128 0x2
 390 0089 08       		.byte	0x8
 391 008a 04       		.byte	0x4
 392 008b ED000000 		.4byte	.LASF12
 393 008f 02       		.uleb128 0x2
 394 0090 01       		.byte	0x1
 395 0091 08       		.byte	0x8
 396 0092 93010000 		.4byte	.LASF13
 397 0096 05       		.uleb128 0x5
 398 0097 00000000 		.4byte	.LASF14
 399 009b 02       		.byte	0x2
 400 009c 6E01     		.2byte	0x16e
 401 009e A2000000 		.4byte	0xa2
 402 00a2 06       		.uleb128 0x6
 403 00a3 76000000 		.4byte	0x76
 404 00a7 07       		.uleb128 0x7
 405 00a8 04       		.byte	0x4
 406 00a9 AD000000 		.4byte	0xad
 407 00ad 08       		.uleb128 0x8
 408 00ae 02       		.uleb128 0x2
 409 00af 04       		.byte	0x4
 410 00b0 07       		.byte	0x7
 411 00b1 7C010000 		.4byte	.LASF15
 412 00b5 09       		.uleb128 0x9
 413 00b6 77000000 		.4byte	.LASF16
 414 00ba 01       		.byte	0x1
 415 00bb 6401     		.2byte	0x164
 416 00bd 00000000 		.4byte	.LFB9
 417 00c1 0A000000 		.4byte	.LFE9-.LFB9
 418 00c5 01       		.uleb128 0x1
 419 00c6 9C       		.byte	0x9c
ARM GAS  C:\Users\jhorel\AppData\Local\Temp\ccXdx8Ge.s 			page 17


 420 00c7 DB000000 		.4byte	0xdb
 421 00cb 0A       		.uleb128 0xa
 422 00cc 08000000 		.4byte	.LVL0
 423 00d0 57020000 		.4byte	0x257
 424 00d4 0B       		.uleb128 0xb
 425 00d5 01       		.uleb128 0x1
 426 00d6 50       		.byte	0x50
 427 00d7 01       		.uleb128 0x1
 428 00d8 39       		.byte	0x39
 429 00d9 00       		.byte	0
 430 00da 00       		.byte	0
 431 00db 09       		.uleb128 0x9
 432 00dc BA000000 		.4byte	.LASF17
 433 00e0 01       		.byte	0x1
 434 00e1 A201     		.2byte	0x1a2
 435 00e3 00000000 		.4byte	.LFB11
 436 00e7 08000000 		.4byte	.LFE11-.LFB11
 437 00eb 01       		.uleb128 0x1
 438 00ec 9C       		.byte	0x9c
 439 00ed FB000000 		.4byte	0xfb
 440 00f1 0C       		.uleb128 0xc
 441 00f2 06000000 		.4byte	.LVL1
 442 00f6 68020000 		.4byte	0x268
 443 00fa 00       		.byte	0
 444 00fb 0D       		.uleb128 0xd
 445 00fc 73010000 		.4byte	.LASF18
 446 0100 01       		.byte	0x1
 447 0101 7B       		.byte	0x7b
 448 0102 00000000 		.4byte	.LFB2
 449 0106 08000000 		.4byte	.LFE2-.LFB2
 450 010a 01       		.uleb128 0x1
 451 010b 9C       		.byte	0x9c
 452 010c 1A010000 		.4byte	0x11a
 453 0110 0C       		.uleb128 0xc
 454 0111 06000000 		.4byte	.LVL2
 455 0115 6F020000 		.4byte	0x26f
 456 0119 00       		.byte	0
 457 011a 0D       		.uleb128 0xd
 458 011b E2000000 		.4byte	.LASF19
 459 011f 01       		.byte	0x1
 460 0120 AB       		.byte	0xab
 461 0121 00000000 		.4byte	.LFB3
 462 0125 18000000 		.4byte	.LFE3-.LFB3
 463 0129 01       		.uleb128 0x1
 464 012a 9C       		.byte	0x9c
 465 012b 39010000 		.4byte	0x139
 466 012f 0C       		.uleb128 0xc
 467 0130 12000000 		.4byte	.LVL3
 468 0134 B5000000 		.4byte	0xb5
 469 0138 00       		.byte	0
 470 0139 0D       		.uleb128 0xd
 471 013a 89000000 		.4byte	.LASF20
 472 013e 01       		.byte	0x1
 473 013f D2       		.byte	0xd2
 474 0140 00000000 		.4byte	.LFB4
 475 0144 20000000 		.4byte	.LFE4-.LFB4
 476 0148 01       		.uleb128 0x1
ARM GAS  C:\Users\jhorel\AppData\Local\Temp\ccXdx8Ge.s 			page 18


 477 0149 9C       		.byte	0x9c
 478 014a 61010000 		.4byte	0x161
 479 014e 0C       		.uleb128 0xc
 480 014f 0E000000 		.4byte	.LVL4
 481 0153 FB000000 		.4byte	0xfb
 482 0157 0C       		.uleb128 0xc
 483 0158 18000000 		.4byte	.LVL5
 484 015c 1A010000 		.4byte	0x11a
 485 0160 00       		.byte	0
 486 0161 0D       		.uleb128 0xd
 487 0162 2D010000 		.4byte	.LASF21
 488 0166 01       		.byte	0x1
 489 0167 EF       		.byte	0xef
 490 0168 00000000 		.4byte	.LFB5
 491 016c 2C000000 		.4byte	.LFE5-.LFB5
 492 0170 01       		.uleb128 0x1
 493 0171 9C       		.byte	0x9c
 494 0172 A2010000 		.4byte	0x1a2
 495 0176 0E       		.uleb128 0xe
 496 0177 08000000 		.4byte	.LVL6
 497 017b 76020000 		.4byte	0x276
 498 017f 89010000 		.4byte	0x189
 499 0183 0B       		.uleb128 0xb
 500 0184 01       		.uleb128 0x1
 501 0185 50       		.byte	0x50
 502 0186 01       		.uleb128 0x1
 503 0187 39       		.byte	0x39
 504 0188 00       		.byte	0
 505 0189 0C       		.uleb128 0xc
 506 018a 0C000000 		.4byte	.LVL7
 507 018e DB000000 		.4byte	0xdb
 508 0192 0A       		.uleb128 0xa
 509 0193 22000000 		.4byte	.LVL8
 510 0197 87020000 		.4byte	0x287
 511 019b 0B       		.uleb128 0xb
 512 019c 01       		.uleb128 0x1
 513 019d 50       		.byte	0x50
 514 019e 01       		.uleb128 0x1
 515 019f 39       		.byte	0x39
 516 01a0 00       		.byte	0
 517 01a1 00       		.byte	0
 518 01a2 0F       		.uleb128 0xf
 519 01a3 3F020000 		.4byte	.LASF22
 520 01a7 01       		.byte	0x1
 521 01a8 1701     		.2byte	0x117
 522 01aa 00000000 		.4byte	.LFB6
 523 01ae 14000000 		.4byte	.LFE6-.LFB6
 524 01b2 01       		.uleb128 0x1
 525 01b3 9C       		.byte	0x9c
 526 01b4 D9010000 		.4byte	0x1d9
 527 01b8 10       		.uleb128 0x10
 528 01b9 11000000 		.4byte	.LASF24
 529 01bd 01       		.byte	0x1
 530 01be 1701     		.2byte	0x117
 531 01c0 76000000 		.4byte	0x76
 532 01c4 00000000 		.4byte	.LLST0
 533 01c8 11       		.uleb128 0x11
ARM GAS  C:\Users\jhorel\AppData\Local\Temp\ccXdx8Ge.s 			page 19


 534 01c9 52020000 		.4byte	.LASF25
 535 01cd 01       		.byte	0x1
 536 01ce 1901     		.2byte	0x119
 537 01d0 76000000 		.4byte	0x76
 538 01d4 21000000 		.4byte	.LLST1
 539 01d8 00       		.byte	0
 540 01d9 0F       		.uleb128 0xf
 541 01da A7000000 		.4byte	.LASF23
 542 01de 01       		.byte	0x1
 543 01df 3001     		.2byte	0x130
 544 01e1 00000000 		.4byte	.LFB7
 545 01e5 14000000 		.4byte	.LFE7-.LFB7
 546 01e9 01       		.uleb128 0x1
 547 01ea 9C       		.byte	0x9c
 548 01eb 10020000 		.4byte	0x210
 549 01ef 10       		.uleb128 0x10
 550 01f0 11000000 		.4byte	.LASF24
 551 01f4 01       		.byte	0x1
 552 01f5 3001     		.2byte	0x130
 553 01f7 76000000 		.4byte	0x76
 554 01fb 3F000000 		.4byte	.LLST2
 555 01ff 11       		.uleb128 0x11
 556 0200 06000000 		.4byte	.LASF26
 557 0204 01       		.byte	0x1
 558 0205 3201     		.2byte	0x132
 559 0207 76000000 		.4byte	0x76
 560 020b 60000000 		.4byte	.LLST3
 561 020f 00       		.byte	0
 562 0210 0F       		.uleb128 0xf
 563 0211 0F010000 		.4byte	.LASF27
 564 0215 01       		.byte	0x1
 565 0216 4F01     		.2byte	0x14f
 566 0218 00000000 		.4byte	.LFB8
 567 021c 0C000000 		.4byte	.LFE8-.LFB8
 568 0220 01       		.uleb128 0x1
 569 0221 9C       		.byte	0x9c
 570 0222 35020000 		.4byte	0x235
 571 0226 12       		.uleb128 0x12
 572 0227 00010000 		.4byte	.LASF28
 573 022b 01       		.byte	0x1
 574 022c 4F01     		.2byte	0x14f
 575 022e A7000000 		.4byte	0xa7
 576 0232 01       		.uleb128 0x1
 577 0233 50       		.byte	0x50
 578 0234 00       		.byte	0
 579 0235 13       		.uleb128 0x13
 580 0236 94020000 		.4byte	.LASF29
 581 023a 01       		.byte	0x1
 582 023b 51       		.byte	0x51
 583 023c 6B000000 		.4byte	0x6b
 584 0240 05       		.uleb128 0x5
 585 0241 03       		.byte	0x3
 586 0242 00000000 		.4byte	I2C_initVar
 587 0246 13       		.uleb128 0x13
 588 0247 7E020000 		.4byte	.LASF30
 589 024b 01       		.byte	0x1
 590 024c 61       		.byte	0x61
ARM GAS  C:\Users\jhorel\AppData\Local\Temp\ccXdx8Ge.s 			page 20


 591 024d A7000000 		.4byte	0xa7
 592 0251 05       		.uleb128 0x5
 593 0252 03       		.byte	0x3
 594 0253 00000000 		.4byte	I2C_customIntrHandler
 595 0257 14       		.uleb128 0x14
 596 0258 66020000 		.4byte	.LASF33
 597 025c 04       		.byte	0x4
 598 025d 4C       		.byte	0x4c
 599 025e 68020000 		.4byte	0x268
 600 0262 15       		.uleb128 0x15
 601 0263 6B000000 		.4byte	0x6b
 602 0267 00       		.byte	0
 603 0268 16       		.uleb128 0x16
 604 0269 33020000 		.4byte	.LASF31
 605 026d 03       		.byte	0x3
 606 026e 4C       		.byte	0x4c
 607 026f 16       		.uleb128 0x16
 608 0270 F4000000 		.4byte	.LASF32
 609 0274 03       		.byte	0x3
 610 0275 49       		.byte	0x49
 611 0276 14       		.uleb128 0x14
 612 0277 26020000 		.4byte	.LASF34
 613 027b 04       		.byte	0x4
 614 027c 4E       		.byte	0x4e
 615 027d 87020000 		.4byte	0x287
 616 0281 15       		.uleb128 0x15
 617 0282 6B000000 		.4byte	0x6b
 618 0286 00       		.byte	0
 619 0287 17       		.uleb128 0x17
 620 0288 61010000 		.4byte	.LASF38
 621 028c 04       		.byte	0x4
 622 028d 51       		.byte	0x51
 623 028e 15       		.uleb128 0x15
 624 028f 6B000000 		.4byte	0x6b
 625 0293 00       		.byte	0
 626 0294 00       		.byte	0
 627              		.section	.debug_abbrev,"",%progbits
 628              	.Ldebug_abbrev0:
 629 0000 01       		.uleb128 0x1
 630 0001 11       		.uleb128 0x11
 631 0002 01       		.byte	0x1
 632 0003 25       		.uleb128 0x25
 633 0004 0E       		.uleb128 0xe
 634 0005 13       		.uleb128 0x13
 635 0006 0B       		.uleb128 0xb
 636 0007 03       		.uleb128 0x3
 637 0008 0E       		.uleb128 0xe
 638 0009 1B       		.uleb128 0x1b
 639 000a 0E       		.uleb128 0xe
 640 000b 55       		.uleb128 0x55
 641 000c 17       		.uleb128 0x17
 642 000d 11       		.uleb128 0x11
 643 000e 01       		.uleb128 0x1
 644 000f 10       		.uleb128 0x10
 645 0010 17       		.uleb128 0x17
 646 0011 00       		.byte	0
 647 0012 00       		.byte	0
ARM GAS  C:\Users\jhorel\AppData\Local\Temp\ccXdx8Ge.s 			page 21


 648 0013 02       		.uleb128 0x2
 649 0014 24       		.uleb128 0x24
 650 0015 00       		.byte	0
 651 0016 0B       		.uleb128 0xb
 652 0017 0B       		.uleb128 0xb
 653 0018 3E       		.uleb128 0x3e
 654 0019 0B       		.uleb128 0xb
 655 001a 03       		.uleb128 0x3
 656 001b 0E       		.uleb128 0xe
 657 001c 00       		.byte	0
 658 001d 00       		.byte	0
 659 001e 03       		.uleb128 0x3
 660 001f 24       		.uleb128 0x24
 661 0020 00       		.byte	0
 662 0021 0B       		.uleb128 0xb
 663 0022 0B       		.uleb128 0xb
 664 0023 3E       		.uleb128 0x3e
 665 0024 0B       		.uleb128 0xb
 666 0025 03       		.uleb128 0x3
 667 0026 08       		.uleb128 0x8
 668 0027 00       		.byte	0
 669 0028 00       		.byte	0
 670 0029 04       		.uleb128 0x4
 671 002a 16       		.uleb128 0x16
 672 002b 00       		.byte	0
 673 002c 03       		.uleb128 0x3
 674 002d 0E       		.uleb128 0xe
 675 002e 3A       		.uleb128 0x3a
 676 002f 0B       		.uleb128 0xb
 677 0030 3B       		.uleb128 0x3b
 678 0031 0B       		.uleb128 0xb
 679 0032 49       		.uleb128 0x49
 680 0033 13       		.uleb128 0x13
 681 0034 00       		.byte	0
 682 0035 00       		.byte	0
 683 0036 05       		.uleb128 0x5
 684 0037 16       		.uleb128 0x16
 685 0038 00       		.byte	0
 686 0039 03       		.uleb128 0x3
 687 003a 0E       		.uleb128 0xe
 688 003b 3A       		.uleb128 0x3a
 689 003c 0B       		.uleb128 0xb
 690 003d 3B       		.uleb128 0x3b
 691 003e 05       		.uleb128 0x5
 692 003f 49       		.uleb128 0x49
 693 0040 13       		.uleb128 0x13
 694 0041 00       		.byte	0
 695 0042 00       		.byte	0
 696 0043 06       		.uleb128 0x6
 697 0044 35       		.uleb128 0x35
 698 0045 00       		.byte	0
 699 0046 49       		.uleb128 0x49
 700 0047 13       		.uleb128 0x13
 701 0048 00       		.byte	0
 702 0049 00       		.byte	0
 703 004a 07       		.uleb128 0x7
 704 004b 0F       		.uleb128 0xf
ARM GAS  C:\Users\jhorel\AppData\Local\Temp\ccXdx8Ge.s 			page 22


 705 004c 00       		.byte	0
 706 004d 0B       		.uleb128 0xb
 707 004e 0B       		.uleb128 0xb
 708 004f 49       		.uleb128 0x49
 709 0050 13       		.uleb128 0x13
 710 0051 00       		.byte	0
 711 0052 00       		.byte	0
 712 0053 08       		.uleb128 0x8
 713 0054 15       		.uleb128 0x15
 714 0055 00       		.byte	0
 715 0056 27       		.uleb128 0x27
 716 0057 19       		.uleb128 0x19
 717 0058 00       		.byte	0
 718 0059 00       		.byte	0
 719 005a 09       		.uleb128 0x9
 720 005b 2E       		.uleb128 0x2e
 721 005c 01       		.byte	0x1
 722 005d 03       		.uleb128 0x3
 723 005e 0E       		.uleb128 0xe
 724 005f 3A       		.uleb128 0x3a
 725 0060 0B       		.uleb128 0xb
 726 0061 3B       		.uleb128 0x3b
 727 0062 05       		.uleb128 0x5
 728 0063 27       		.uleb128 0x27
 729 0064 19       		.uleb128 0x19
 730 0065 11       		.uleb128 0x11
 731 0066 01       		.uleb128 0x1
 732 0067 12       		.uleb128 0x12
 733 0068 06       		.uleb128 0x6
 734 0069 40       		.uleb128 0x40
 735 006a 18       		.uleb128 0x18
 736 006b 9742     		.uleb128 0x2117
 737 006d 19       		.uleb128 0x19
 738 006e 01       		.uleb128 0x1
 739 006f 13       		.uleb128 0x13
 740 0070 00       		.byte	0
 741 0071 00       		.byte	0
 742 0072 0A       		.uleb128 0xa
 743 0073 898201   		.uleb128 0x4109
 744 0076 01       		.byte	0x1
 745 0077 11       		.uleb128 0x11
 746 0078 01       		.uleb128 0x1
 747 0079 31       		.uleb128 0x31
 748 007a 13       		.uleb128 0x13
 749 007b 00       		.byte	0
 750 007c 00       		.byte	0
 751 007d 0B       		.uleb128 0xb
 752 007e 8A8201   		.uleb128 0x410a
 753 0081 00       		.byte	0
 754 0082 02       		.uleb128 0x2
 755 0083 18       		.uleb128 0x18
 756 0084 9142     		.uleb128 0x2111
 757 0086 18       		.uleb128 0x18
 758 0087 00       		.byte	0
 759 0088 00       		.byte	0
 760 0089 0C       		.uleb128 0xc
 761 008a 898201   		.uleb128 0x4109
ARM GAS  C:\Users\jhorel\AppData\Local\Temp\ccXdx8Ge.s 			page 23


 762 008d 00       		.byte	0
 763 008e 11       		.uleb128 0x11
 764 008f 01       		.uleb128 0x1
 765 0090 31       		.uleb128 0x31
 766 0091 13       		.uleb128 0x13
 767 0092 00       		.byte	0
 768 0093 00       		.byte	0
 769 0094 0D       		.uleb128 0xd
 770 0095 2E       		.uleb128 0x2e
 771 0096 01       		.byte	0x1
 772 0097 3F       		.uleb128 0x3f
 773 0098 19       		.uleb128 0x19
 774 0099 03       		.uleb128 0x3
 775 009a 0E       		.uleb128 0xe
 776 009b 3A       		.uleb128 0x3a
 777 009c 0B       		.uleb128 0xb
 778 009d 3B       		.uleb128 0x3b
 779 009e 0B       		.uleb128 0xb
 780 009f 27       		.uleb128 0x27
 781 00a0 19       		.uleb128 0x19
 782 00a1 11       		.uleb128 0x11
 783 00a2 01       		.uleb128 0x1
 784 00a3 12       		.uleb128 0x12
 785 00a4 06       		.uleb128 0x6
 786 00a5 40       		.uleb128 0x40
 787 00a6 18       		.uleb128 0x18
 788 00a7 9742     		.uleb128 0x2117
 789 00a9 19       		.uleb128 0x19
 790 00aa 01       		.uleb128 0x1
 791 00ab 13       		.uleb128 0x13
 792 00ac 00       		.byte	0
 793 00ad 00       		.byte	0
 794 00ae 0E       		.uleb128 0xe
 795 00af 898201   		.uleb128 0x4109
 796 00b2 01       		.byte	0x1
 797 00b3 11       		.uleb128 0x11
 798 00b4 01       		.uleb128 0x1
 799 00b5 31       		.uleb128 0x31
 800 00b6 13       		.uleb128 0x13
 801 00b7 01       		.uleb128 0x1
 802 00b8 13       		.uleb128 0x13
 803 00b9 00       		.byte	0
 804 00ba 00       		.byte	0
 805 00bb 0F       		.uleb128 0xf
 806 00bc 2E       		.uleb128 0x2e
 807 00bd 01       		.byte	0x1
 808 00be 3F       		.uleb128 0x3f
 809 00bf 19       		.uleb128 0x19
 810 00c0 03       		.uleb128 0x3
 811 00c1 0E       		.uleb128 0xe
 812 00c2 3A       		.uleb128 0x3a
 813 00c3 0B       		.uleb128 0xb
 814 00c4 3B       		.uleb128 0x3b
 815 00c5 05       		.uleb128 0x5
 816 00c6 27       		.uleb128 0x27
 817 00c7 19       		.uleb128 0x19
 818 00c8 11       		.uleb128 0x11
ARM GAS  C:\Users\jhorel\AppData\Local\Temp\ccXdx8Ge.s 			page 24


 819 00c9 01       		.uleb128 0x1
 820 00ca 12       		.uleb128 0x12
 821 00cb 06       		.uleb128 0x6
 822 00cc 40       		.uleb128 0x40
 823 00cd 18       		.uleb128 0x18
 824 00ce 9742     		.uleb128 0x2117
 825 00d0 19       		.uleb128 0x19
 826 00d1 01       		.uleb128 0x1
 827 00d2 13       		.uleb128 0x13
 828 00d3 00       		.byte	0
 829 00d4 00       		.byte	0
 830 00d5 10       		.uleb128 0x10
 831 00d6 05       		.uleb128 0x5
 832 00d7 00       		.byte	0
 833 00d8 03       		.uleb128 0x3
 834 00d9 0E       		.uleb128 0xe
 835 00da 3A       		.uleb128 0x3a
 836 00db 0B       		.uleb128 0xb
 837 00dc 3B       		.uleb128 0x3b
 838 00dd 05       		.uleb128 0x5
 839 00de 49       		.uleb128 0x49
 840 00df 13       		.uleb128 0x13
 841 00e0 02       		.uleb128 0x2
 842 00e1 17       		.uleb128 0x17
 843 00e2 00       		.byte	0
 844 00e3 00       		.byte	0
 845 00e4 11       		.uleb128 0x11
 846 00e5 34       		.uleb128 0x34
 847 00e6 00       		.byte	0
 848 00e7 03       		.uleb128 0x3
 849 00e8 0E       		.uleb128 0xe
 850 00e9 3A       		.uleb128 0x3a
 851 00ea 0B       		.uleb128 0xb
 852 00eb 3B       		.uleb128 0x3b
 853 00ec 05       		.uleb128 0x5
 854 00ed 49       		.uleb128 0x49
 855 00ee 13       		.uleb128 0x13
 856 00ef 02       		.uleb128 0x2
 857 00f0 17       		.uleb128 0x17
 858 00f1 00       		.byte	0
 859 00f2 00       		.byte	0
 860 00f3 12       		.uleb128 0x12
 861 00f4 05       		.uleb128 0x5
 862 00f5 00       		.byte	0
 863 00f6 03       		.uleb128 0x3
 864 00f7 0E       		.uleb128 0xe
 865 00f8 3A       		.uleb128 0x3a
 866 00f9 0B       		.uleb128 0xb
 867 00fa 3B       		.uleb128 0x3b
 868 00fb 05       		.uleb128 0x5
 869 00fc 49       		.uleb128 0x49
 870 00fd 13       		.uleb128 0x13
 871 00fe 02       		.uleb128 0x2
 872 00ff 18       		.uleb128 0x18
 873 0100 00       		.byte	0
 874 0101 00       		.byte	0
 875 0102 13       		.uleb128 0x13
ARM GAS  C:\Users\jhorel\AppData\Local\Temp\ccXdx8Ge.s 			page 25


 876 0103 34       		.uleb128 0x34
 877 0104 00       		.byte	0
 878 0105 03       		.uleb128 0x3
 879 0106 0E       		.uleb128 0xe
 880 0107 3A       		.uleb128 0x3a
 881 0108 0B       		.uleb128 0xb
 882 0109 3B       		.uleb128 0x3b
 883 010a 0B       		.uleb128 0xb
 884 010b 49       		.uleb128 0x49
 885 010c 13       		.uleb128 0x13
 886 010d 3F       		.uleb128 0x3f
 887 010e 19       		.uleb128 0x19
 888 010f 02       		.uleb128 0x2
 889 0110 18       		.uleb128 0x18
 890 0111 00       		.byte	0
 891 0112 00       		.byte	0
 892 0113 14       		.uleb128 0x14
 893 0114 2E       		.uleb128 0x2e
 894 0115 01       		.byte	0x1
 895 0116 3F       		.uleb128 0x3f
 896 0117 19       		.uleb128 0x19
 897 0118 03       		.uleb128 0x3
 898 0119 0E       		.uleb128 0xe
 899 011a 3A       		.uleb128 0x3a
 900 011b 0B       		.uleb128 0xb
 901 011c 3B       		.uleb128 0x3b
 902 011d 0B       		.uleb128 0xb
 903 011e 27       		.uleb128 0x27
 904 011f 19       		.uleb128 0x19
 905 0120 3C       		.uleb128 0x3c
 906 0121 19       		.uleb128 0x19
 907 0122 01       		.uleb128 0x1
 908 0123 13       		.uleb128 0x13
 909 0124 00       		.byte	0
 910 0125 00       		.byte	0
 911 0126 15       		.uleb128 0x15
 912 0127 05       		.uleb128 0x5
 913 0128 00       		.byte	0
 914 0129 49       		.uleb128 0x49
 915 012a 13       		.uleb128 0x13
 916 012b 00       		.byte	0
 917 012c 00       		.byte	0
 918 012d 16       		.uleb128 0x16
 919 012e 2E       		.uleb128 0x2e
 920 012f 00       		.byte	0
 921 0130 3F       		.uleb128 0x3f
 922 0131 19       		.uleb128 0x19
 923 0132 03       		.uleb128 0x3
 924 0133 0E       		.uleb128 0xe
 925 0134 3A       		.uleb128 0x3a
 926 0135 0B       		.uleb128 0xb
 927 0136 3B       		.uleb128 0x3b
 928 0137 0B       		.uleb128 0xb
 929 0138 27       		.uleb128 0x27
 930 0139 19       		.uleb128 0x19
 931 013a 3C       		.uleb128 0x3c
 932 013b 19       		.uleb128 0x19
ARM GAS  C:\Users\jhorel\AppData\Local\Temp\ccXdx8Ge.s 			page 26


 933 013c 00       		.byte	0
 934 013d 00       		.byte	0
 935 013e 17       		.uleb128 0x17
 936 013f 2E       		.uleb128 0x2e
 937 0140 01       		.byte	0x1
 938 0141 3F       		.uleb128 0x3f
 939 0142 19       		.uleb128 0x19
 940 0143 03       		.uleb128 0x3
 941 0144 0E       		.uleb128 0xe
 942 0145 3A       		.uleb128 0x3a
 943 0146 0B       		.uleb128 0xb
 944 0147 3B       		.uleb128 0x3b
 945 0148 0B       		.uleb128 0xb
 946 0149 27       		.uleb128 0x27
 947 014a 19       		.uleb128 0x19
 948 014b 3C       		.uleb128 0x3c
 949 014c 19       		.uleb128 0x19
 950 014d 00       		.byte	0
 951 014e 00       		.byte	0
 952 014f 00       		.byte	0
 953              		.section	.debug_loc,"",%progbits
 954              	.Ldebug_loc0:
 955              	.LLST0:
 956 0000 00000000 		.4byte	.LVL9
 957 0004 0A000000 		.4byte	.LVL12
 958 0008 0100     		.2byte	0x1
 959 000a 50       		.byte	0x50
 960 000b 0A000000 		.4byte	.LVL12
 961 000f 14000000 		.4byte	.LFE6
 962 0013 0400     		.2byte	0x4
 963 0015 F3       		.byte	0xf3
 964 0016 01       		.uleb128 0x1
 965 0017 50       		.byte	0x50
 966 0018 9F       		.byte	0x9f
 967 0019 00000000 		.4byte	0
 968 001d 00000000 		.4byte	0
 969              	.LLST1:
 970 0021 04000000 		.4byte	.LVL10
 971 0025 0C000000 		.4byte	.LVL13
 972 0029 0100     		.2byte	0x1
 973 002b 53       		.byte	0x53
 974 002c 0C000000 		.4byte	.LVL13
 975 0030 14000000 		.4byte	.LFE6
 976 0034 0100     		.2byte	0x1
 977 0036 50       		.byte	0x50
 978 0037 00000000 		.4byte	0
 979 003b 00000000 		.4byte	0
 980              	.LLST2:
 981 003f 00000000 		.4byte	.LVL14
 982 0043 0A000000 		.4byte	.LVL17
 983 0047 0100     		.2byte	0x1
 984 0049 50       		.byte	0x50
 985 004a 0A000000 		.4byte	.LVL17
 986 004e 14000000 		.4byte	.LFE7
 987 0052 0400     		.2byte	0x4
 988 0054 F3       		.byte	0xf3
 989 0055 01       		.uleb128 0x1
ARM GAS  C:\Users\jhorel\AppData\Local\Temp\ccXdx8Ge.s 			page 27


 990 0056 50       		.byte	0x50
 991 0057 9F       		.byte	0x9f
 992 0058 00000000 		.4byte	0
 993 005c 00000000 		.4byte	0
 994              	.LLST3:
 995 0060 04000000 		.4byte	.LVL15
 996 0064 0C000000 		.4byte	.LVL18
 997 0068 0100     		.2byte	0x1
 998 006a 53       		.byte	0x53
 999 006b 0C000000 		.4byte	.LVL18
 1000 006f 14000000 		.4byte	.LFE7
 1001 0073 0100     		.2byte	0x1
 1002 0075 50       		.byte	0x50
 1003 0076 00000000 		.4byte	0
 1004 007a 00000000 		.4byte	0
 1005              		.section	.debug_aranges,"",%progbits
 1006 0000 5C000000 		.4byte	0x5c
 1007 0004 0200     		.2byte	0x2
 1008 0006 00000000 		.4byte	.Ldebug_info0
 1009 000a 04       		.byte	0x4
 1010 000b 00       		.byte	0
 1011 000c 0000     		.2byte	0
 1012 000e 0000     		.2byte	0
 1013 0010 00000000 		.4byte	.LFB9
 1014 0014 0A000000 		.4byte	.LFE9-.LFB9
 1015 0018 00000000 		.4byte	.LFB11
 1016 001c 08000000 		.4byte	.LFE11-.LFB11
 1017 0020 00000000 		.4byte	.LFB2
 1018 0024 08000000 		.4byte	.LFE2-.LFB2
 1019 0028 00000000 		.4byte	.LFB3
 1020 002c 18000000 		.4byte	.LFE3-.LFB3
 1021 0030 00000000 		.4byte	.LFB4
 1022 0034 20000000 		.4byte	.LFE4-.LFB4
 1023 0038 00000000 		.4byte	.LFB5
 1024 003c 2C000000 		.4byte	.LFE5-.LFB5
 1025 0040 00000000 		.4byte	.LFB6
 1026 0044 14000000 		.4byte	.LFE6-.LFB6
 1027 0048 00000000 		.4byte	.LFB7
 1028 004c 14000000 		.4byte	.LFE7-.LFB7
 1029 0050 00000000 		.4byte	.LFB8
 1030 0054 0C000000 		.4byte	.LFE8-.LFB8
 1031 0058 00000000 		.4byte	0
 1032 005c 00000000 		.4byte	0
 1033              		.section	.debug_ranges,"",%progbits
 1034              	.Ldebug_ranges0:
 1035 0000 00000000 		.4byte	.LFB9
 1036 0004 0A000000 		.4byte	.LFE9
 1037 0008 00000000 		.4byte	.LFB11
 1038 000c 08000000 		.4byte	.LFE11
 1039 0010 00000000 		.4byte	.LFB2
 1040 0014 08000000 		.4byte	.LFE2
 1041 0018 00000000 		.4byte	.LFB3
 1042 001c 18000000 		.4byte	.LFE3
 1043 0020 00000000 		.4byte	.LFB4
 1044 0024 20000000 		.4byte	.LFE4
 1045 0028 00000000 		.4byte	.LFB5
 1046 002c 2C000000 		.4byte	.LFE5
ARM GAS  C:\Users\jhorel\AppData\Local\Temp\ccXdx8Ge.s 			page 28


 1047 0030 00000000 		.4byte	.LFB6
 1048 0034 14000000 		.4byte	.LFE6
 1049 0038 00000000 		.4byte	.LFB7
 1050 003c 14000000 		.4byte	.LFE7
 1051 0040 00000000 		.4byte	.LFB8
 1052 0044 0C000000 		.4byte	.LFE8
 1053 0048 00000000 		.4byte	0
 1054 004c 00000000 		.4byte	0
 1055              		.section	.debug_line,"",%progbits
 1056              	.Ldebug_line0:
 1057 0000 39010000 		.section	.debug_str,"MS",%progbits,1
 1057      02007500 
 1057      00000201 
 1057      FB0E0D00 
 1057      01010101 
 1058              	.LASF14:
 1059 0000 72656733 		.ascii	"reg32\000"
 1059      3200
 1060              	.LASF26:
 1061 0006 74784669 		.ascii	"txFifoCtrl\000"
 1061      666F4374 
 1061      726C00
 1062              	.LASF24:
 1063 0011 6C657665 		.ascii	"level\000"
 1063      6C00
 1064              	.LASF3:
 1065 0017 73686F72 		.ascii	"short unsigned int\000"
 1065      7420756E 
 1065      7369676E 
 1065      65642069 
 1065      6E7400
 1066              	.LASF37:
 1067 002a 433A5C55 		.ascii	"C:\\Users\\jhorel\\Desktop\\chargan\\chargan.cydsn\000"
 1067      73657273 
 1067      5C6A686F 
 1067      72656C5C 
 1067      4465736B 
 1068              	.LASF36:
 1069 0058 2E5C4765 		.ascii	".\\Generated_Source\\PSoC4\\I2C.c\000"
 1069      6E657261 
 1069      7465645F 
 1069      536F7572 
 1069      63655C50 
 1070              	.LASF16:
 1071 0077 4932435F 		.ascii	"I2C_ScbEnableIntr\000"
 1071      53636245 
 1071      6E61626C 
 1071      65496E74 
 1071      7200
 1072              	.LASF20:
 1073 0089 4932435F 		.ascii	"I2C_Start\000"
 1073      53746172 
 1073      7400
 1074              	.LASF11:
 1075 0093 666C6F61 		.ascii	"float\000"
 1075      7400
 1076              	.LASF1:
ARM GAS  C:\Users\jhorel\AppData\Local\Temp\ccXdx8Ge.s 			page 29


 1077 0099 756E7369 		.ascii	"unsigned char\000"
 1077      676E6564 
 1077      20636861 
 1077      7200
 1078              	.LASF23:
 1079 00a7 4932435F 		.ascii	"I2C_SetTxFifoLevel\000"
 1079      53657454 
 1079      78466966 
 1079      6F4C6576 
 1079      656C00
 1080              	.LASF17:
 1081 00ba 4932435F 		.ascii	"I2C_ScbModeStop\000"
 1081      5363624D 
 1081      6F646553 
 1081      746F7000 
 1082              	.LASF5:
 1083 00ca 6C6F6E67 		.ascii	"long unsigned int\000"
 1083      20756E73 
 1083      69676E65 
 1083      6420696E 
 1083      7400
 1084              	.LASF9:
 1085 00dc 75696E74 		.ascii	"uint8\000"
 1085      3800
 1086              	.LASF19:
 1087 00e2 4932435F 		.ascii	"I2C_Enable\000"
 1087      456E6162 
 1087      6C6500
 1088              	.LASF12:
 1089 00ed 646F7562 		.ascii	"double\000"
 1089      6C6500
 1090              	.LASF32:
 1091 00f4 4932435F 		.ascii	"I2C_I2CInit\000"
 1091      49324349 
 1091      6E697400 
 1092              	.LASF28:
 1093 0100 66756E63 		.ascii	"func\000"
 1093      00
 1094              	.LASF2:
 1095 0105 73686F72 		.ascii	"short int\000"
 1095      7420696E 
 1095      7400
 1096              	.LASF27:
 1097 010f 4932435F 		.ascii	"I2C_SetCustomInterruptHandler\000"
 1097      53657443 
 1097      7573746F 
 1097      6D496E74 
 1097      65727275 
 1098              	.LASF21:
 1099 012d 4932435F 		.ascii	"I2C_Stop\000"
 1099      53746F70 
 1099      00
 1100              	.LASF10:
 1101 0136 75696E74 		.ascii	"uint32\000"
 1101      333200
 1102              	.LASF8:
 1103 013d 756E7369 		.ascii	"unsigned int\000"
ARM GAS  C:\Users\jhorel\AppData\Local\Temp\ccXdx8Ge.s 			page 30


 1103      676E6564 
 1103      20696E74 
 1103      00
 1104              	.LASF7:
 1105 014a 6C6F6E67 		.ascii	"long long unsigned int\000"
 1105      206C6F6E 
 1105      6720756E 
 1105      7369676E 
 1105      65642069 
 1106              	.LASF38:
 1107 0161 4379496E 		.ascii	"CyIntClearPending\000"
 1107      74436C65 
 1107      61725065 
 1107      6E64696E 
 1107      6700
 1108              	.LASF18:
 1109 0173 4932435F 		.ascii	"I2C_Init\000"
 1109      496E6974 
 1109      00
 1110              	.LASF15:
 1111 017c 73697A65 		.ascii	"sizetype\000"
 1111      74797065 
 1111      00
 1112              	.LASF6:
 1113 0185 6C6F6E67 		.ascii	"long long int\000"
 1113      206C6F6E 
 1113      6720696E 
 1113      7400
 1114              	.LASF13:
 1115 0193 63686172 		.ascii	"char\000"
 1115      00
 1116              	.LASF35:
 1117 0198 474E5520 		.ascii	"GNU C 4.9.3 20150303 (release) [ARM/embedded-4_9-br"
 1117      4320342E 
 1117      392E3320 
 1117      32303135 
 1117      30333033 
 1118 01cb 616E6368 		.ascii	"anch revision 221220] -mcpu=cortex-m0 -mthumb -g -O"
 1118      20726576 
 1118      6973696F 
 1118      6E203232 
 1118      31323230 
 1119 01fe 67202D66 		.ascii	"g -ffunction-sections -ffat-lto-objects\000"
 1119      66756E63 
 1119      74696F6E 
 1119      2D736563 
 1119      74696F6E 
 1120              	.LASF34:
 1121 0226 4379496E 		.ascii	"CyIntDisable\000"
 1121      74446973 
 1121      61626C65 
 1121      00
 1122              	.LASF31:
 1123 0233 4932435F 		.ascii	"I2C_I2CStop\000"
 1123      49324353 
 1123      746F7000 
 1124              	.LASF22:
ARM GAS  C:\Users\jhorel\AppData\Local\Temp\ccXdx8Ge.s 			page 31


 1125 023f 4932435F 		.ascii	"I2C_SetRxFifoLevel\000"
 1125      53657452 
 1125      78466966 
 1125      6F4C6576 
 1125      656C00
 1126              	.LASF25:
 1127 0252 72784669 		.ascii	"rxFifoCtrl\000"
 1127      666F4374 
 1127      726C00
 1128              	.LASF4:
 1129 025d 6C6F6E67 		.ascii	"long int\000"
 1129      20696E74 
 1129      00
 1130              	.LASF33:
 1131 0266 4379496E 		.ascii	"CyIntEnable\000"
 1131      74456E61 
 1131      626C6500 
 1132              	.LASF0:
 1133 0272 7369676E 		.ascii	"signed char\000"
 1133      65642063 
 1133      68617200 
 1134              	.LASF30:
 1135 027e 4932435F 		.ascii	"I2C_customIntrHandler\000"
 1135      63757374 
 1135      6F6D496E 
 1135      74724861 
 1135      6E646C65 
 1136              	.LASF29:
 1137 0294 4932435F 		.ascii	"I2C_initVar\000"
 1137      696E6974 
 1137      56617200 
 1138              		.ident	"GCC: (GNU Tools for ARM Embedded Processors) 4.9.3 20150303 (release) [ARM/embedded-4_9-br
